Using pre-set license
Built from '2022.3/staging' branch; Version is '2022.3.2f1 (d74737c6db50) revision 14108471'; Using compiler version '192829333'; Build Type 'Release'
OS: 'Windows 10  (10.0.19045) 64bit Professional' Language: 'ko' Physical Memory: 7524 MB
BatchMode: 1, IsHumanControllingUs: 0, StartBugReporterOnCrash: 0, Is64bit: 1, IsPro: 1

COMMAND LINE ARGUMENTS:
C:\Program Files\Unity\Hub\Editor\2022.3.2f1\Editor\Unity.exe
-adb2
-batchMode
-noUpm
-name
AssetImportWorker4
-projectPath
C:/Users/tpffl/Unity/my_zep_town
-logFile
Logs/AssetImportWorker4.log
-srvPort
52921
Successfully changed project path to: C:/Users/tpffl/Unity/my_zep_town
C:/Users/tpffl/Unity/my_zep_town
[UnityMemory] Configuration Parameters - Can be set up in boot.config
    "memorysetup-bucket-allocator-granularity=16"
    "memorysetup-bucket-allocator-bucket-count=8"
    "memorysetup-bucket-allocator-block-size=33554432"
    "memorysetup-bucket-allocator-block-count=8"
    "memorysetup-main-allocator-block-size=16777216"
    "memorysetup-thread-allocator-block-size=16777216"
    "memorysetup-gfx-main-allocator-block-size=16777216"
    "memorysetup-gfx-thread-allocator-block-size=16777216"
    "memorysetup-cache-allocator-block-size=4194304"
    "memorysetup-typetree-allocator-block-size=2097152"
    "memorysetup-profiler-bucket-allocator-granularity=16"
    "memorysetup-profiler-bucket-allocator-bucket-count=8"
    "memorysetup-profiler-bucket-allocator-block-size=33554432"
    "memorysetup-profiler-bucket-allocator-block-count=8"
    "memorysetup-profiler-allocator-block-size=16777216"
    "memorysetup-profiler-editor-allocator-block-size=1048576"
    "memorysetup-temp-allocator-size-main=16777216"
    "memorysetup-job-temp-allocator-block-size=2097152"
    "memorysetup-job-temp-allocator-block-size-background=1048576"
    "memorysetup-job-temp-allocator-reduction-small-platforms=262144"
    "memorysetup-allocator-temp-initial-block-size-main=262144"
    "memorysetup-allocator-temp-initial-block-size-worker=262144"
    "memorysetup-temp-allocator-size-background-worker=32768"
    "memorysetup-temp-allocator-size-job-worker=262144"
    "memorysetup-temp-allocator-size-preload-manager=33554432"
    "memorysetup-temp-allocator-size-nav-mesh-worker=65536"
    "memorysetup-temp-allocator-size-audio-worker=65536"
    "memorysetup-temp-allocator-size-cloud-worker=32768"
    "memorysetup-temp-allocator-size-gi-baking-worker=262144"
    "memorysetup-temp-allocator-size-gfx=262144"
Player connection [2368] Host "[IP] 172.30.1.17 [Port] 0 [Flags] 2 [Guid] 998462129 [EditorId] 998462129 [Version] 1048832 [Id] WindowsEditor(7,DESKTOP-0U5NL5S) [Debug] 1 [PackageName] WindowsEditor [ProjectName] Editor" joined multi-casting on [225.0.0.222:54997]...

Player connection [2368] Host "[IP] 172.30.1.17 [Port] 0 [Flags] 2 [Guid] 998462129 [EditorId] 998462129 [Version] 1048832 [Id] WindowsEditor(7,DESKTOP-0U5NL5S) [Debug] 1 [PackageName] WindowsEditor [ProjectName] Editor" joined alternative multi-casting on [225.0.0.222:34997]...

Refreshing native plugins compatible for Editor in 25.58 ms, found 4 plugins.
Preloading 0 native plugins for Editor in 0.00 ms.
Initialize engine version: 2022.3.2f1 (d74737c6db50)
[Subsystems] Discovering subsystems at path C:/Program Files/Unity/Hub/Editor/2022.3.2f1/Editor/Data/Resources/UnitySubsystems
[Subsystems] Discovering subsystems at path C:/Users/tpffl/Unity/my_zep_town/Assets
GfxDevice: creating device client; threaded=0; jobified=0
Direct3D:
    Version:  Direct3D 11.0 [level 11.1]
    Renderer: NVIDIA GeForce RTX 3050 Laptop GPU (ID=0x25a2)
    Vendor:   NVIDIA
    VRAM:     3977 MB
    Driver:   31.0.15.4665
Initialize mono
Mono path[0] = 'C:/Program Files/Unity/Hub/Editor/2022.3.2f1/Editor/Data/Managed'
Mono path[1] = 'C:/Program Files/Unity/Hub/Editor/2022.3.2f1/Editor/Data/MonoBleedingEdge/lib/mono/unityjit-win32'
Mono config path = 'C:/Program Files/Unity/Hub/Editor/2022.3.2f1/Editor/Data/MonoBleedingEdge/etc'
Using monoOptions --debugger-agent=transport=dt_socket,embedding=1,server=y,suspend=n,address=127.0.0.1:56708
Begin MonoManager ReloadAssembly
Registering precompiled unity dll's ...
Register platform support module: C:/Program Files/Unity/Hub/Editor/2022.3.2f1/Editor/Data/PlaybackEngines/AndroidPlayer/UnityEditor.Android.Extensions.dll
Register platform support module: C:/Program Files/Unity/Hub/Editor/2022.3.2f1/Editor/Data/PlaybackEngines/WindowsStandaloneSupport/UnityEditor.WindowsStandalone.Extensions.dll
Registered in 0.022515 seconds.
- Loaded All Assemblies, in  0.394 seconds
Native extension for WindowsStandalone target not found
Native extension for Android target not found
InvalidOperationException: Cannot start process because a file name has not been provided.
  at System.Diagnostics.Process.Start () [0x00024] in <1726b8fb30b6494e8753e45adcf8a07b>:0 
  at (wrapper remoting-invoke-with-check) System.Diagnostics.Process.Start()
  at UnityEditor.Android.ProgramAsShellExecute.Start (System.Diagnostics.ProcessStartInfo psi) [0x0000e] in <476ef08ce6bf48598d2df8af8530034d>:0 
  at UnityEditor.Android.Command.RunWithShellExecute (System.String command, System.String args, System.String workingdir, System.String errorMsg) [0x0003e] in <476ef08ce6bf48598d2df8af8530034d>:0 
  at UnityEditor.Android.ADB.StartServer () [0x00013] in <476ef08ce6bf48598d2df8af8530034d>:0 
  at UnityEditor.Android.ADB.Run (System.String[] command, UnityEditor.Android.Command+WaitingForProcessToExit waitingForProcessToExit, System.String errorMsg) [0x0000b] in <476ef08ce6bf48598d2df8af8530034d>:0 
  at UnityEditor.Android.AndroidDeploymentTargetsExtension.GetKnownTargets (UnityEditor.DeploymentTargets.IDeploymentTargetsMainThreadContext context, UnityEditor.ProgressHandler progressHandler) [0x00284] in <476ef08ce6bf48598d2df8af8530034d>:0 
  at UnityEditor.Android.TargetScanWorker.ScanSync () [0x00039] in <476ef08ce6bf48598d2df8af8530034d>:0 
  at UnityEditor.Android.TargetExtension.OnUsbDevicesChanged (UnityEditor.Hardware.UsbDevice[] usbDevices) [0x00081] in <476ef08ce6bf48598d2df8af8530034d>:0 
  at UnityEditor.Android.TargetExtension.OnLoad () [0x000ad] in <476ef08ce6bf48598d2df8af8530034d>:0 
  at UnityEditor.Modules.ModuleManager.InitializePlatformSupportModules () [0x0009d] in <ac87b54e58ee4be198261fd5c8030d52>:0 

Mono: successfully reloaded assembly
- Finished resetting the current domain, in  1.667 seconds
Domain Reload Profiling: 2057ms
	BeginReloadAssembly (126ms)
		ExecutionOrderSort (0ms)
		DisableScriptedObjects (0ms)
		BackupInstance (0ms)
		ReleaseScriptingObjects (0ms)
		CreateAndSetChildDomain (1ms)
	RebuildCommonClasses (32ms)
	RebuildNativeTypeToScriptingClass (8ms)
	initialDomainReloadingComplete (81ms)
	LoadAllAssembliesAndSetupDomain (141ms)
		LoadAssemblies (123ms)
		RebuildTransferFunctionScriptingTraits (0ms)
		AnalyzeDomain (128ms)
			TypeCache.Refresh (127ms)
				TypeCache.ScanAssembly (115ms)
			ScanForSourceGeneratedMonoScriptInfo (0ms)
			ResolveRequiredComponents (0ms)
	FinalizeReload (1668ms)
		ReleaseScriptCaches (0ms)
		RebuildScriptCaches (0ms)
		SetupLoadedEditorAssemblies (1620ms)
			LogAssemblyErrors (0ms)
			InitializePlatformSupportModulesInManaged (1479ms)
			SetLoadedEditorAssemblies (4ms)
			RefreshPlugins (0ms)
			BeforeProcessingInitializeOnLoad (2ms)
			ProcessInitializeOnLoadAttributes (86ms)
			ProcessInitializeOnLoadMethodAttributes (48ms)
			AfterProcessingInitializeOnLoad (0ms)
			EditorAssembliesLoaded (0ms)
		ExecutionOrderSort2 (0ms)
		AwakeInstancesAfterBackupRestoration (0ms)
========================================================================
Worker process is ready to serve import requests
Begin MonoManager ReloadAssembly
- Loaded All Assemblies, in  0.872 seconds
Refreshing native plugins compatible for Editor in 10.92 ms, found 4 plugins.
Native extension for WindowsStandalone target not found
Native extension for Android target not found
Package Manager log level set to [2]
[Package Manager] Server::EnsureServerProcessIsRunning -- launch failed, reason: Unity was launched with the -noUpm command-line argument
[Package Manager] UpmClient::Send -- Unable to send message (not connected to UPM process).
[Package Manager] Cannot connect to Unity Package Manager local server
Mono: successfully reloaded assembly
- Finished resetting the current domain, in  0.650 seconds
Domain Reload Profiling: 1512ms
	BeginReloadAssembly (153ms)
		ExecutionOrderSort (0ms)
		DisableScriptedObjects (4ms)
		BackupInstance (0ms)
		ReleaseScriptingObjects (0ms)
		CreateAndSetChildDomain (20ms)
	RebuildCommonClasses (30ms)
	RebuildNativeTypeToScriptingClass (8ms)
	initialDomainReloadingComplete (54ms)
	LoadAllAssembliesAndSetupDomain (617ms)
		LoadAssemblies (397ms)
		RebuildTransferFunctionScriptingTraits (0ms)
		AnalyzeDomain (298ms)
			TypeCache.Refresh (276ms)
				TypeCache.ScanAssembly (264ms)
			ScanForSourceGeneratedMonoScriptInfo (18ms)
			ResolveRequiredComponents (3ms)
	FinalizeReload (650ms)
		ReleaseScriptCaches (0ms)
		RebuildScriptCaches (0ms)
		SetupLoadedEditorAssemblies (502ms)
			LogAssemblyErrors (0ms)
			InitializePlatformSupportModulesInManaged (53ms)
			SetLoadedEditorAssemblies (3ms)
			RefreshPlugins (0ms)
			BeforeProcessingInitializeOnLoad (94ms)
			ProcessInitializeOnLoadAttributes (300ms)
			ProcessInitializeOnLoadMethodAttributes (33ms)
			AfterProcessingInitializeOnLoad (19ms)
			EditorAssembliesLoaded (0ms)
		ExecutionOrderSort2 (0ms)
		AwakeInstancesAfterBackupRestoration (13ms)
Launched and connected shader compiler UnityShaderCompiler.exe after 0.07 seconds
Refreshing native plugins compatible for Editor in 11.48 ms, found 4 plugins.
Preloading 0 native plugins for Editor in 0.00 ms.
Unloading 4393 Unused Serialized files (Serialized files now loaded: 0)
Unloading 76 unused Assets / (246.3 KB). Loaded Objects now: 4856.
Memory consumption went from 157.0 MB to 156.7 MB.
Total: 3.290500 ms (FindLiveObjects: 0.271200 ms CreateObjectMapping: 0.108700 ms MarkObjects: 2.715100 ms  DeleteObjects: 0.194900 ms)

AssetImportParameters requested are different than current active one (requested -> active):
  custom:container-demuxer-ogg: 62fdf1f143b41e24485cea50d1cbac27 -> 
  custom:video-decoder-ogg-theora: a1e56fd34408186e4bbccfd4996cb3dc -> 
  custom:framework-win-MediaFoundation: 216162199b28c13a410421893ffa2e32 -> 
  custom:container-demuxer-webm: 4f35f7cbe854078d1ac9338744f61a02 -> 
  custom:scripting/monoscript/fileName/PlayerInputController.cs: 010ec0843297c63fe514859b5b2ec549 -> 9dffa01c0adbb613a54447b3537cac38
  custom:container-muxer-webm: aa71ff27fc2769a1b78a27578f13a17b -> 
  custom:video-decoder-webm-vp8: 9c59270c3fd7afecdb556c50c9e8de78 -> 
  custom:AudioImporter_EditorPlatform: d09bf68614088b80899f8185d706f6e7 -> 
  custom:video-encoder-webm-vp8: eb34c28f22e8b96e1ab97ce403110664 -> 
  custom:audio-decoder-ogg-vorbis: bf7c407c2cedff20999df2af8eb42d56 -> 
  custom:audio-encoder-webm-vorbis: bf7c407c2cedff20999df2af8eb42d56 -> 
========================================================================
Received Import Request.
  Time since last request: 322209.993398 seconds.
  path: Assets/Artwork/Level
  artifactKey: Guid(8745a1f324e029948be480c2cfd674c8) Importer(815301076,1909f56bfc062723c751e8b465ee728b)
Start importing Assets/Artwork/Level using Guid(8745a1f324e029948be480c2cfd674c8) Importer(815301076,1909f56bfc062723c751e8b465ee728b)  -> (artifact id: '88b2c5f66a9cf06eff9c9028871cea32') in 0.127291 seconds
Number of updated asset objects reloaded before import = 0
Number of asset objects unloaded after import = 0
========================================================================
Received Import Request.
  Time since last request: 1.619208 seconds.
  path: Assets/Artwork/Level/Dungeon.prefab
  artifactKey: Guid(f35dee919c712c1448a294e451392344) Importer(815301076,1909f56bfc062723c751e8b465ee728b)
Start importing Assets/Artwork/Level/Dungeon.prefab using Guid(f35dee919c712c1448a294e451392344) Importer(815301076,1909f56bfc062723c751e8b465ee728b)  -> (artifact id: 'c557274518b3d5863403ca34d820eea0') in 1.968322 seconds
Number of updated asset objects reloaded before import = 0
Number of asset objects unloaded after import = 1925
========================================================================
Received Import Request.
  Time since last request: 55.163424 seconds.
  path: Assets/Artwork/Level/mainlevbuild_8.asset
  artifactKey: Guid(4913a99e15f380f42bec377d746d7753) Importer(815301076,1909f56bfc062723c751e8b465ee728b)
Start importing Assets/Artwork/Level/mainlevbuild_8.asset using Guid(4913a99e15f380f42bec377d746d7753) Importer(815301076,1909f56bfc062723c751e8b465ee728b)  -> (artifact id: 'c365a5c2614d8b124dca12438e90be8f') in 0.172944 seconds
Number of updated asset objects reloaded before import = 0
Number of asset objects unloaded after import = 3
========================================================================
Received Import Request.
  Time since last request: 0.627473 seconds.
  path: Assets/Artwork/Level/mainlevbuild_15.asset
  artifactKey: Guid(3f363b0b311550c42a23b2fddde02be9) Importer(815301076,1909f56bfc062723c751e8b465ee728b)
Start importing Assets/Artwork/Level/mainlevbuild_15.asset using Guid(3f363b0b311550c42a23b2fddde02be9) Importer(815301076,1909f56bfc062723c751e8b465ee728b)  -> (artifact id: '4c0cb0206c85bef5c002e5e4ce9c3167') in 0.010528 seconds
Number of updated asset objects reloaded before import = 0
Number of asset objects unloaded after import = 3
========================================================================
Received Import Request.
  Time since last request: 0.000020 seconds.
  path: Assets/Artwork/Level/mainlevbuild_19.asset
  artifactKey: Guid(be0f6389fb7e9a9418828d2d534c01b6) Importer(815301076,1909f56bfc062723c751e8b465ee728b)
Start importing Assets/Artwork/Level/mainlevbuild_19.asset using Guid(be0f6389fb7e9a9418828d2d534c01b6) Importer(815301076,1909f56bfc062723c751e8b465ee728b)  -> (artifact id: 'b21d348b0fcd5443405bb2e48aa5b33e') in 0.010965 seconds
Number of updated asset objects reloaded before import = 0
Number of asset objects unloaded after import = 3
========================================================================
Received Import Request.
  Time since last request: 4.398712 seconds.
  path: Assets/Artwork/Level/mainlevbuild_23.asset
  artifactKey: Guid(d4999df35527a3d4db1586841c477d8a) Importer(815301076,1909f56bfc062723c751e8b465ee728b)
Start importing Assets/Artwork/Level/mainlevbuild_23.asset using Guid(d4999df35527a3d4db1586841c477d8a) Importer(815301076,1909f56bfc062723c751e8b465ee728b)  -> (artifact id: '03bd89ccc8e00ceb7269564b1c794ec7') in 0.021877 seconds
Number of updated asset objects reloaded before import = 0
Number of asset objects unloaded after import = 3
========================================================================
Received Import Request.
  Time since last request: 0.250947 seconds.
  path: Assets/Artwork/Level/mainlevbuild_27.asset
  artifactKey: Guid(b500d918474d19b418086de22b77c3b9) Importer(815301076,1909f56bfc062723c751e8b465ee728b)
Start importing Assets/Artwork/Level/mainlevbuild_27.asset using Guid(b500d918474d19b418086de22b77c3b9) Importer(815301076,1909f56bfc062723c751e8b465ee728b)  -> (artifact id: 'd9dd67c9de68ae667e4ac80b885c982e') in 0.016594 seconds
Number of updated asset objects reloaded before import = 0
Number of asset objects unloaded after import = 3
========================================================================
Received Import Request.
  Time since last request: 0.030176 seconds.
  path: Assets/Artwork/Level/mainlevbuild_29.asset
  artifactKey: Guid(77ebdb1fe7c51ea43a8e733f49d29459) Importer(815301076,1909f56bfc062723c751e8b465ee728b)
Start importing Assets/Artwork/Level/mainlevbuild_29.asset using Guid(77ebdb1fe7c51ea43a8e733f49d29459) Importer(815301076,1909f56bfc062723c751e8b465ee728b)  -> (artifact id: 'bf9aa16fb51f07f6d256a8d6cf806ed4') in 0.009042 seconds
Number of updated asset objects reloaded before import = 0
Number of asset objects unloaded after import = 3
========================================================================
Received Import Request.
  Time since last request: 0.011772 seconds.
  path: Assets/Artwork/Level/mainlevbuild_33.asset
  artifactKey: Guid(2d066290f6e1fe4428e1139482291869) Importer(815301076,1909f56bfc062723c751e8b465ee728b)
Start importing Assets/Artwork/Level/mainlevbuild_33.asset using Guid(2d066290f6e1fe4428e1139482291869) Importer(815301076,1909f56bfc062723c751e8b465ee728b)  -> (artifact id: '133f6f6ec359ff64db60940305065dd3') in 0.009622 seconds
Number of updated asset objects reloaded before import = 0
Number of asset objects unloaded after import = 3
========================================================================
Received Import Request.
  Time since last request: 0.299674 seconds.
  path: Assets/Artwork/Level/mainlevbuild_35.asset
  artifactKey: Guid(39a822b57b9ab4243b71db3aa9a343e3) Importer(815301076,1909f56bfc062723c751e8b465ee728b)
Start importing Assets/Artwork/Level/mainlevbuild_35.asset using Guid(39a822b57b9ab4243b71db3aa9a343e3) Importer(815301076,1909f56bfc062723c751e8b465ee728b)  -> (artifact id: 'a2c6e7562c89f07e8ce0ae4734a0c764') in 0.009104 seconds
Number of updated asset objects reloaded before import = 0
Number of asset objects unloaded after import = 3
========================================================================
Received Import Request.
  Time since last request: 0.014542 seconds.
  path: Assets/Artwork/Level/mainlevbuild_37.asset
  artifactKey: Guid(8ce58044b31e9df4d803b148d08c805c) Importer(815301076,1909f56bfc062723c751e8b465ee728b)
Start importing Assets/Artwork/Level/mainlevbuild_37.asset using Guid(8ce58044b31e9df4d803b148d08c805c) Importer(815301076,1909f56bfc062723c751e8b465ee728b)  -> (artifact id: '4904b1ef60f20be9033d9bf4cac5758a') in 0.012052 seconds
Number of updated asset objects reloaded before import = 0
Number of asset objects unloaded after import = 3
========================================================================
Received Import Request.
  Time since last request: 0.024494 seconds.
  path: Assets/Artwork/Level/mainlevbuild_39.asset
  artifactKey: Guid(17713158db5092944b02dbdb68632c5b) Importer(815301076,1909f56bfc062723c751e8b465ee728b)
Start importing Assets/Artwork/Level/mainlevbuild_39.asset using Guid(17713158db5092944b02dbdb68632c5b) Importer(815301076,1909f56bfc062723c751e8b465ee728b)  -> (artifact id: '827ef87e790219f3ef1af3fda338a6e6') in 0.008902 seconds
Number of updated asset objects reloaded before import = 0
Number of asset objects unloaded after import = 3
========================================================================
Received Import Request.
  Time since last request: 44.990992 seconds.
  path: Assets/Artwork/Level/mainlevbuild_41.asset
  artifactKey: Guid(ee29ed7dd82a0b542ae820d81cbbc8a8) Importer(815301076,1909f56bfc062723c751e8b465ee728b)
Start importing Assets/Artwork/Level/mainlevbuild_41.asset using Guid(ee29ed7dd82a0b542ae820d81cbbc8a8) Importer(815301076,1909f56bfc062723c751e8b465ee728b)  -> (artifact id: '2ed5f849a22554436f12834cd163582f') in 0.035241 seconds
Number of updated asset objects reloaded before import = 0
Number of asset objects unloaded after import = 3
========================================================================
Received Import Request.
  Time since last request: 0.028159 seconds.
  path: Assets/Artwork/Level/mainlevbuild_43.asset
  artifactKey: Guid(28ee5e0e1eb28a848bdb121de4f465ee) Importer(815301076,1909f56bfc062723c751e8b465ee728b)
Start importing Assets/Artwork/Level/mainlevbuild_43.asset using Guid(28ee5e0e1eb28a848bdb121de4f465ee) Importer(815301076,1909f56bfc062723c751e8b465ee728b)  -> (artifact id: 'a354710a3b51749fc290f28c0ee90d01') in 0.020583 seconds
Number of updated asset objects reloaded before import = 0
Number of asset objects unloaded after import = 3
========================================================================
Received Import Request.
  Time since last request: 0.217493 seconds.
  path: Assets/Artwork/Level/mainlevbuild_45.asset
  artifactKey: Guid(38fc0478e9446914d92b06d37e1b3b77) Importer(815301076,1909f56bfc062723c751e8b465ee728b)
Start importing Assets/Artwork/Level/mainlevbuild_45.asset using Guid(38fc0478e9446914d92b06d37e1b3b77) Importer(815301076,1909f56bfc062723c751e8b465ee728b)  -> (artifact id: '10591fcd8c28aed5bf26e8f209471395') in 0.008100 seconds
Number of updated asset objects reloaded before import = 0
Number of asset objects unloaded after import = 3
========================================================================
Received Import Request.
  Time since last request: 0.025520 seconds.
  path: Assets/Artwork/Level/mainlevbuild_47.asset
  artifactKey: Guid(a66ed3c4adb968742882a9ddde3036cd) Importer(815301076,1909f56bfc062723c751e8b465ee728b)
Start importing Assets/Artwork/Level/mainlevbuild_47.asset using Guid(a66ed3c4adb968742882a9ddde3036cd) Importer(815301076,1909f56bfc062723c751e8b465ee728b)  -> (artifact id: '3e6d5508461bbcaa4405d6ad47706987') in 0.008935 seconds
Number of updated asset objects reloaded before import = 0
Number of asset objects unloaded after import = 3
========================================================================
Received Import Request.
  Time since last request: 0.033166 seconds.
  path: Assets/Artwork/Level/mainlevbuild_51.asset
  artifactKey: Guid(2ebf0b07c05eb9243a3da28c01421f8a) Importer(815301076,1909f56bfc062723c751e8b465ee728b)
Start importing Assets/Artwork/Level/mainlevbuild_51.asset using Guid(2ebf0b07c05eb9243a3da28c01421f8a) Importer(815301076,1909f56bfc062723c751e8b465ee728b)  -> (artifact id: '7148f138f089fdcaaf8073c19885e741') in 0.007774 seconds
Number of updated asset objects reloaded before import = 0
Number of asset objects unloaded after import = 3
========================================================================
Received Import Request.
  Time since last request: 0.216727 seconds.
  path: Assets/Artwork/Level/mainlevbuild_53.asset
  artifactKey: Guid(8573b5d0e1a08eb45a5cbd6579bb01b2) Importer(815301076,1909f56bfc062723c751e8b465ee728b)
Start importing Assets/Artwork/Level/mainlevbuild_53.asset using Guid(8573b5d0e1a08eb45a5cbd6579bb01b2) Importer(815301076,1909f56bfc062723c751e8b465ee728b)  -> (artifact id: '959e0074d0d34b2bab38f499fd68676f') in 0.007016 seconds
Number of updated asset objects reloaded before import = 0
Number of asset objects unloaded after import = 3
========================================================================
Received Import Request.
  Time since last request: 0.018415 seconds.
  path: Assets/Artwork/Level/mainlevbuild_55.asset
  artifactKey: Guid(36a463718563a314285ec38db6319b69) Importer(815301076,1909f56bfc062723c751e8b465ee728b)
Start importing Assets/Artwork/Level/mainlevbuild_55.asset using Guid(36a463718563a314285ec38db6319b69) Importer(815301076,1909f56bfc062723c751e8b465ee728b)  -> (artifact id: '7254bc5b47dee7753e794585770eeb84') in 0.007574 seconds
Number of updated asset objects reloaded before import = 0
Number of asset objects unloaded after import = 3
========================================================================
Received Import Request.
  Time since last request: 0.011336 seconds.
  path: Assets/Artwork/Level/mainlevbuild_57.asset
  artifactKey: Guid(46660bb8e7354264a9437c2770bf0919) Importer(815301076,1909f56bfc062723c751e8b465ee728b)
Start importing Assets/Artwork/Level/mainlevbuild_57.asset using Guid(46660bb8e7354264a9437c2770bf0919) Importer(815301076,1909f56bfc062723c751e8b465ee728b)  -> (artifact id: '696c55b3351c529c8d78a87118fd0ac1') in 0.009358 seconds
Number of updated asset objects reloaded before import = 0
Number of asset objects unloaded after import = 3
========================================================================
Received Import Request.
  Time since last request: 0.008892 seconds.
  path: Assets/Artwork/Level/mainlevbuild_59.asset
  artifactKey: Guid(0719cd57de600594f8543a33b89cb0cc) Importer(815301076,1909f56bfc062723c751e8b465ee728b)
Start importing Assets/Artwork/Level/mainlevbuild_59.asset using Guid(0719cd57de600594f8543a33b89cb0cc) Importer(815301076,1909f56bfc062723c751e8b465ee728b)  -> (artifact id: '272c88558bca223a033c202bc1e785cf') in 0.009236 seconds
Number of updated asset objects reloaded before import = 0
Number of asset objects unloaded after import = 3
========================================================================
Received Import Request.
  Time since last request: 0.210969 seconds.
  path: Assets/Artwork/Level/mainlevbuild_61.asset
  artifactKey: Guid(f891716a8e0781b4a8c9ad474fa59b41) Importer(815301076,1909f56bfc062723c751e8b465ee728b)
Start importing Assets/Artwork/Level/mainlevbuild_61.asset using Guid(f891716a8e0781b4a8c9ad474fa59b41) Importer(815301076,1909f56bfc062723c751e8b465ee728b)  -> (artifact id: 'e000d5f4abd5d27a65f5a27a266c5d18') in 0.008093 seconds
Number of updated asset objects reloaded before import = 0
Number of asset objects unloaded after import = 3
========================================================================
Received Import Request.
  Time since last request: 0.036460 seconds.
  path: Assets/Artwork/Level/mainlevbuild_63.asset
  artifactKey: Guid(eb73c822451fdc44aa22f0634f015632) Importer(815301076,1909f56bfc062723c751e8b465ee728b)
Start importing Assets/Artwork/Level/mainlevbuild_63.asset using Guid(eb73c822451fdc44aa22f0634f015632) Importer(815301076,1909f56bfc062723c751e8b465ee728b)  -> (artifact id: '989d30586be7fd7661a0bbef36b3cb5c') in 0.008249 seconds
Number of updated asset objects reloaded before import = 0
Number of asset objects unloaded after import = 3
========================================================================
Received Import Request.
  Time since last request: 0.218306 seconds.
  path: Assets/Artwork/Level/mainlevbuild_65.asset
  artifactKey: Guid(b1eee282a733ef148af83f474ade3adf) Importer(815301076,1909f56bfc062723c751e8b465ee728b)
Start importing Assets/Artwork/Level/mainlevbuild_65.asset using Guid(b1eee282a733ef148af83f474ade3adf) Importer(815301076,1909f56bfc062723c751e8b465ee728b)  -> (artifact id: 'b18d4d71e40444a6ef6f8a00eae86c6c') in 0.008845 seconds
Number of updated asset objects reloaded before import = 0
Number of asset objects unloaded after import = 3
========================================================================
Received Import Request.
  Time since last request: 0.031340 seconds.
  path: Assets/Artwork/Level/mainlevbuild_69.asset
  artifactKey: Guid(9a166ec2dc2efc941bcf330e50f5aa66) Importer(815301076,1909f56bfc062723c751e8b465ee728b)
Start importing Assets/Artwork/Level/mainlevbuild_69.asset using Guid(9a166ec2dc2efc941bcf330e50f5aa66) Importer(815301076,1909f56bfc062723c751e8b465ee728b)  -> (artifact id: '90e801c8855d864e9dd7993075fc57f8') in 0.010101 seconds
Number of updated asset objects reloaded before import = 0
Number of asset objects unloaded after import = 3
========================================================================
Received Import Request.
  Time since last request: 0.234891 seconds.
  path: Assets/Artwork/Level/mainlevbuild_73.asset
  artifactKey: Guid(426f11e97cd05e141ac6b7d2e7dd4d39) Importer(815301076,1909f56bfc062723c751e8b465ee728b)
Start importing Assets/Artwork/Level/mainlevbuild_73.asset using Guid(426f11e97cd05e141ac6b7d2e7dd4d39) Importer(815301076,1909f56bfc062723c751e8b465ee728b)  -> (artifact id: '34190e53e842c5ef34c3728ca5131e08') in 0.007545 seconds
Number of updated asset objects reloaded before import = 0
Number of asset objects unloaded after import = 3
========================================================================
Received Import Request.
  Time since last request: 0.012894 seconds.
  path: Assets/Artwork/Level/mainlevbuild_75.asset
  artifactKey: Guid(d89064e209fa1e642afdb881bfc53000) Importer(815301076,1909f56bfc062723c751e8b465ee728b)
Start importing Assets/Artwork/Level/mainlevbuild_75.asset using Guid(d89064e209fa1e642afdb881bfc53000) Importer(815301076,1909f56bfc062723c751e8b465ee728b)  -> (artifact id: '34e560f424a0ed6fd4159e99153d87ab') in 0.009384 seconds
Number of updated asset objects reloaded before import = 0
Number of asset objects unloaded after import = 3
========================================================================
Received Import Request.
  Time since last request: 0.011748 seconds.
  path: Assets/Artwork/Level/mainlevbuild_77.asset
  artifactKey: Guid(eb7614c7b057a0447aa47acdfee7a28e) Importer(815301076,1909f56bfc062723c751e8b465ee728b)
Start importing Assets/Artwork/Level/mainlevbuild_77.asset using Guid(eb7614c7b057a0447aa47acdfee7a28e) Importer(815301076,1909f56bfc062723c751e8b465ee728b)  -> (artifact id: '10710c30c0ab8211c8c55686d3b315bc') in 0.007871 seconds
Number of updated asset objects reloaded before import = 0
Number of asset objects unloaded after import = 3
========================================================================
Received Import Request.
  Time since last request: 0.009787 seconds.
  path: Assets/Artwork/Level/mainlevbuild_79.asset
  artifactKey: Guid(0363a0d20a84c9b48b7cd62077d110b5) Importer(815301076,1909f56bfc062723c751e8b465ee728b)
Start importing Assets/Artwork/Level/mainlevbuild_79.asset using Guid(0363a0d20a84c9b48b7cd62077d110b5) Importer(815301076,1909f56bfc062723c751e8b465ee728b)  -> (artifact id: '81eac199f4ad84db3858bd604e392b26') in 0.007767 seconds
Number of updated asset objects reloaded before import = 0
Number of asset objects unloaded after import = 3
========================================================================
Received Import Request.
  Time since last request: 0.200750 seconds.
  path: Assets/Artwork/Level/mainlevbuild_81.asset
  artifactKey: Guid(846d60331f0aa754e8c52e702f43b562) Importer(815301076,1909f56bfc062723c751e8b465ee728b)
Start importing Assets/Artwork/Level/mainlevbuild_81.asset using Guid(846d60331f0aa754e8c52e702f43b562) Importer(815301076,1909f56bfc062723c751e8b465ee728b)  -> (artifact id: 'e61d62c94b57312104cec62153cd9d2f') in 0.008003 seconds
Number of updated asset objects reloaded before import = 0
Number of asset objects unloaded after import = 3
========================================================================
Received Import Request.
  Time since last request: 0.022599 seconds.
  path: Assets/Artwork/Level/mainlevbuild_83.asset
  artifactKey: Guid(cac5f29fd5fd547468f404f466e0779a) Importer(815301076,1909f56bfc062723c751e8b465ee728b)
Start importing Assets/Artwork/Level/mainlevbuild_83.asset using Guid(cac5f29fd5fd547468f404f466e0779a) Importer(815301076,1909f56bfc062723c751e8b465ee728b)  -> (artifact id: '3fefb96601d2439bb597182b13e0470d') in 0.009790 seconds
Number of updated asset objects reloaded before import = 0
Number of asset objects unloaded after import = 3
========================================================================
Received Import Request.
  Time since last request: 0.023448 seconds.
  path: Assets/Artwork/Level/mainlevbuild_87.asset
  artifactKey: Guid(0003e25e005f99d419a941ae36f469d3) Importer(815301076,1909f56bfc062723c751e8b465ee728b)
Start importing Assets/Artwork/Level/mainlevbuild_87.asset using Guid(0003e25e005f99d419a941ae36f469d3) Importer(815301076,1909f56bfc062723c751e8b465ee728b)  -> (artifact id: '5d547c7edd504a56a1adb3b14d21fe96') in 0.008449 seconds
Number of updated asset objects reloaded before import = 0
Number of asset objects unloaded after import = 3
========================================================================
Received Import Request.
  Time since last request: 0.195727 seconds.
  path: Assets/Artwork/Level/mainlevbuild_89.asset
  artifactKey: Guid(585cc56fca0010a489d664a7300e4501) Importer(815301076,1909f56bfc062723c751e8b465ee728b)
Start importing Assets/Artwork/Level/mainlevbuild_89.asset using Guid(585cc56fca0010a489d664a7300e4501) Importer(815301076,1909f56bfc062723c751e8b465ee728b)  -> (artifact id: '2e4b2a15a117c1087608875898e11fbf') in 0.008579 seconds
Number of updated asset objects reloaded before import = 0
Number of asset objects unloaded after import = 3
========================================================================
Received Import Request.
  Time since last request: 0.027543 seconds.
  path: Assets/Artwork/Level/mainlevbuild_91.asset
  artifactKey: Guid(e0bc5ad9f82be524cbc7866cfdbe2576) Importer(815301076,1909f56bfc062723c751e8b465ee728b)
Start importing Assets/Artwork/Level/mainlevbuild_91.asset using Guid(e0bc5ad9f82be524cbc7866cfdbe2576) Importer(815301076,1909f56bfc062723c751e8b465ee728b)  -> (artifact id: '3af8aa5d7c50252db12c2cedaf976d9e') in 0.010977 seconds
Number of updated asset objects reloaded before import = 0
Number of asset objects unloaded after import = 3
========================================================================
Received Import Request.
  Time since last request: 0.205848 seconds.
  path: Assets/Artwork/Level/mainlevbuild_95.asset
  artifactKey: Guid(9bb9dd0fca139564e8adc58d2662ef51) Importer(815301076,1909f56bfc062723c751e8b465ee728b)
Start importing Assets/Artwork/Level/mainlevbuild_95.asset using Guid(9bb9dd0fca139564e8adc58d2662ef51) Importer(815301076,1909f56bfc062723c751e8b465ee728b)  -> (artifact id: 'ae0e90245d3021ae76c30e82fa543998') in 0.008490 seconds
Number of updated asset objects reloaded before import = 0
Number of asset objects unloaded after import = 3
========================================================================
Received Import Request.
  Time since last request: 0.020751 seconds.
  path: Assets/Artwork/Level/mainlevbuild_97.asset
  artifactKey: Guid(f1e374d4bbb938244b343c885893037f) Importer(815301076,1909f56bfc062723c751e8b465ee728b)
Start importing Assets/Artwork/Level/mainlevbuild_97.asset using Guid(f1e374d4bbb938244b343c885893037f) Importer(815301076,1909f56bfc062723c751e8b465ee728b)  -> (artifact id: '649630dc188ce006c82b78bb5cc2ca75') in 0.011175 seconds
Number of updated asset objects reloaded before import = 0
Number of asset objects unloaded after import = 3
========================================================================
Received Import Request.
  Time since last request: 0.000018 seconds.
  path: Assets/Artwork/Level/mainlevbuild_101.asset
  artifactKey: Guid(2bdb37629bb17ed4caf786cf5644bb86) Importer(815301076,1909f56bfc062723c751e8b465ee728b)
Start importing Assets/Artwork/Level/mainlevbuild_101.asset using Guid(2bdb37629bb17ed4caf786cf5644bb86) Importer(815301076,1909f56bfc062723c751e8b465ee728b)  -> (artifact id: 'ac54afe5f4ee6a7327e665bf6689930b') in 0.009270 seconds
Number of updated asset objects reloaded before import = 0
Number of asset objects unloaded after import = 3
========================================================================
Received Import Request.
  Time since last request: 0.201182 seconds.
  path: Assets/Artwork/Level/mainlevbuild_103.asset
  artifactKey: Guid(5755eb66b6703fa499b60ae73ba2eb55) Importer(815301076,1909f56bfc062723c751e8b465ee728b)
Start importing Assets/Artwork/Level/mainlevbuild_103.asset using Guid(5755eb66b6703fa499b60ae73ba2eb55) Importer(815301076,1909f56bfc062723c751e8b465ee728b)  -> (artifact id: '8b73891487ebbfe5a76bddead8ed2fcf') in 0.008025 seconds
Number of updated asset objects reloaded before import = 0
Number of asset objects unloaded after import = 3
========================================================================
Received Import Request.
  Time since last request: 0.020895 seconds.
  path: Assets/Artwork/Level/mainlevbuild_105.asset
  artifactKey: Guid(9f1de8415bfc59748981ab6eb4cf69d5) Importer(815301076,1909f56bfc062723c751e8b465ee728b)
Start importing Assets/Artwork/Level/mainlevbuild_105.asset using Guid(9f1de8415bfc59748981ab6eb4cf69d5) Importer(815301076,1909f56bfc062723c751e8b465ee728b)  -> (artifact id: '5e441133f5095a256e1873640dffe678') in 0.008733 seconds
Number of updated asset objects reloaded before import = 0
Number of asset objects unloaded after import = 3
========================================================================
Received Import Request.
  Time since last request: 0.000047 seconds.
  path: Assets/Artwork/Level/mainlevbuild_109.asset
  artifactKey: Guid(8c0595c9f66ea14438895291be9e80b4) Importer(815301076,1909f56bfc062723c751e8b465ee728b)
Start importing Assets/Artwork/Level/mainlevbuild_109.asset using Guid(8c0595c9f66ea14438895291be9e80b4) Importer(815301076,1909f56bfc062723c751e8b465ee728b)  -> (artifact id: '03d680e5789409d8624cbffd4bed5744') in 0.009107 seconds
Number of updated asset objects reloaded before import = 0
Number of asset objects unloaded after import = 3
========================================================================
Received Import Request.
  Time since last request: 0.005535 seconds.
  path: Assets/Artwork/Level/mainlevbuild_111.asset
  artifactKey: Guid(25ee59d5a556388499dad8afd06818c2) Importer(815301076,1909f56bfc062723c751e8b465ee728b)
Start importing Assets/Artwork/Level/mainlevbuild_111.asset using Guid(25ee59d5a556388499dad8afd06818c2) Importer(815301076,1909f56bfc062723c751e8b465ee728b)  -> (artifact id: 'dd0d71dfdf22ece9a3bbbe4363594016') in 0.007619 seconds
Number of updated asset objects reloaded before import = 0
Number of asset objects unloaded after import = 3
========================================================================
Received Import Request.
  Time since last request: 0.223289 seconds.
  path: Assets/Artwork/Level/mainlevbuild_113.asset
  artifactKey: Guid(4d45bc6167ad1a14ca513d253a629d46) Importer(815301076,1909f56bfc062723c751e8b465ee728b)
Start importing Assets/Artwork/Level/mainlevbuild_113.asset using Guid(4d45bc6167ad1a14ca513d253a629d46) Importer(815301076,1909f56bfc062723c751e8b465ee728b)  -> (artifact id: 'e1903c07fd6e2c442e78f2ef299dee4d') in 0.007944 seconds
Number of updated asset objects reloaded before import = 0
Number of asset objects unloaded after import = 3
========================================================================
Received Import Request.
  Time since last request: 0.027719 seconds.
  path: Assets/Artwork/Level/mainlevbuild_115.asset
  artifactKey: Guid(ca9128f606c74bc4699c513f20a17ad9) Importer(815301076,1909f56bfc062723c751e8b465ee728b)
Start importing Assets/Artwork/Level/mainlevbuild_115.asset using Guid(ca9128f606c74bc4699c513f20a17ad9) Importer(815301076,1909f56bfc062723c751e8b465ee728b)  -> (artifact id: '99b87369df168c7f5cd871e51aff39e1') in 0.009864 seconds
Number of updated asset objects reloaded before import = 0
Number of asset objects unloaded after import = 3
========================================================================
Received Import Request.
  Time since last request: 0.208060 seconds.
  path: Assets/Artwork/Level/mainlevbuild_119.asset
  artifactKey: Guid(7c6bf48c768715a49a70e434f0e83a5b) Importer(815301076,1909f56bfc062723c751e8b465ee728b)
Start importing Assets/Artwork/Level/mainlevbuild_119.asset using Guid(7c6bf48c768715a49a70e434f0e83a5b) Importer(815301076,1909f56bfc062723c751e8b465ee728b)  -> (artifact id: '4eb61da8c3db85da7b182018739b5b5d') in 0.011333 seconds
Number of updated asset objects reloaded before import = 0
Number of asset objects unloaded after import = 3
========================================================================
Received Import Request.
  Time since last request: 0.010669 seconds.
  path: Assets/Artwork/Level/mainlevbuild_121.asset
  artifactKey: Guid(618a0916c18f5f84ab9b55b347bc5287) Importer(815301076,1909f56bfc062723c751e8b465ee728b)
Start importing Assets/Artwork/Level/mainlevbuild_121.asset using Guid(618a0916c18f5f84ab9b55b347bc5287) Importer(815301076,1909f56bfc062723c751e8b465ee728b)  -> (artifact id: '651a4d454a5700b91f28103722ac29d6') in 0.007558 seconds
Number of updated asset objects reloaded before import = 0
Number of asset objects unloaded after import = 3
========================================================================
Received Import Request.
  Time since last request: 0.011728 seconds.
  path: Assets/Artwork/Level/mainlevbuild_123.asset
  artifactKey: Guid(960505d35967a2c48a91ca12d294c36e) Importer(815301076,1909f56bfc062723c751e8b465ee728b)
Start importing Assets/Artwork/Level/mainlevbuild_123.asset using Guid(960505d35967a2c48a91ca12d294c36e) Importer(815301076,1909f56bfc062723c751e8b465ee728b)  -> (artifact id: 'f9a03855261c3a04a196353e30dcb6af') in 0.009873 seconds
Number of updated asset objects reloaded before import = 0
Number of asset objects unloaded after import = 3
========================================================================
Received Import Request.
  Time since last request: 0.217527 seconds.
  path: Assets/Artwork/Level/mainlevbuild_127.asset
  artifactKey: Guid(8fa368fde92f4f540859955b18beb9e4) Importer(815301076,1909f56bfc062723c751e8b465ee728b)
Start importing Assets/Artwork/Level/mainlevbuild_127.asset using Guid(8fa368fde92f4f540859955b18beb9e4) Importer(815301076,1909f56bfc062723c751e8b465ee728b)  -> (artifact id: '4d280dd8c8b7f4464cedb05b912e98f2') in 0.007340 seconds
Number of updated asset objects reloaded before import = 0
Number of asset objects unloaded after import = 3
========================================================================
Received Import Request.
  Time since last request: 0.012281 seconds.
  path: Assets/Artwork/Level/mainlevbuild_129.asset
  artifactKey: Guid(cc8ff39a6c5be2841bd1a6611c55c66a) Importer(815301076,1909f56bfc062723c751e8b465ee728b)
Start importing Assets/Artwork/Level/mainlevbuild_129.asset using Guid(cc8ff39a6c5be2841bd1a6611c55c66a) Importer(815301076,1909f56bfc062723c751e8b465ee728b)  -> (artifact id: '925861c3482ee5b1b0d2f0757fa871c1') in 0.010110 seconds
Number of updated asset objects reloaded before import = 0
Number of asset objects unloaded after import = 3
========================================================================
Received Import Request.
  Time since last request: 0.010540 seconds.
  path: Assets/Artwork/Level/mainlevbuild_131.asset
  artifactKey: Guid(723a856e5a561d148b4659b5bff55dc3) Importer(815301076,1909f56bfc062723c751e8b465ee728b)
Start importing Assets/Artwork/Level/mainlevbuild_131.asset using Guid(723a856e5a561d148b4659b5bff55dc3) Importer(815301076,1909f56bfc062723c751e8b465ee728b)  -> (artifact id: '2779b205bc00b69a916caf5da982d0a9') in 0.012060 seconds
Number of updated asset objects reloaded before import = 0
Number of asset objects unloaded after import = 3
========================================================================
Received Import Request.
  Time since last request: 0.199034 seconds.
  path: Assets/Artwork/Level/mainlevbuild_135.asset
  artifactKey: Guid(1fdd74b8a5801c04e94d4c56d954951e) Importer(815301076,1909f56bfc062723c751e8b465ee728b)
Start importing Assets/Artwork/Level/mainlevbuild_135.asset using Guid(1fdd74b8a5801c04e94d4c56d954951e) Importer(815301076,1909f56bfc062723c751e8b465ee728b)  -> (artifact id: '20d5ea24aa3efc7ed84e0dc2ef5ae761') in 0.006958 seconds
Number of updated asset objects reloaded before import = 0
Number of asset objects unloaded after import = 3
========================================================================
Received Import Request.
  Time since last request: 0.043447 seconds.
  path: Assets/Artwork/Level/mainlevbuild_137.asset
  artifactKey: Guid(d957b575ed6db01439c71497b763ccdb) Importer(815301076,1909f56bfc062723c751e8b465ee728b)
Start importing Assets/Artwork/Level/mainlevbuild_137.asset using Guid(d957b575ed6db01439c71497b763ccdb) Importer(815301076,1909f56bfc062723c751e8b465ee728b)  -> (artifact id: 'c29d558e7bf478a811320ba707c263fa') in 0.009878 seconds
Number of updated asset objects reloaded before import = 0
Number of asset objects unloaded after import = 3
========================================================================
Received Import Request.
  Time since last request: 0.000015 seconds.
  path: Assets/Artwork/Level/mainlevbuild_141.asset
  artifactKey: Guid(c1761ab8624360b40bbbde6871ddd607) Importer(815301076,1909f56bfc062723c751e8b465ee728b)
Start importing Assets/Artwork/Level/mainlevbuild_141.asset using Guid(c1761ab8624360b40bbbde6871ddd607) Importer(815301076,1909f56bfc062723c751e8b465ee728b)  -> (artifact id: '3df4745c93cc61a4ef4cc03d32bc2602') in 0.018133 seconds
Number of updated asset objects reloaded before import = 0
Number of asset objects unloaded after import = 3
========================================================================
Received Import Request.
  Time since last request: 0.222242 seconds.
  path: Assets/Artwork/Level/mainlevbuild_145.asset
  artifactKey: Guid(38ddba61cc63cc54bb3df968d775b937) Importer(815301076,1909f56bfc062723c751e8b465ee728b)
Start importing Assets/Artwork/Level/mainlevbuild_145.asset using Guid(38ddba61cc63cc54bb3df968d775b937) Importer(815301076,1909f56bfc062723c751e8b465ee728b)  -> (artifact id: '545ad99042be12b79da825fe917d4bbd') in 0.010867 seconds
Number of updated asset objects reloaded before import = 0
Number of asset objects unloaded after import = 3
========================================================================
Received Import Request.
  Time since last request: 0.025916 seconds.
  path: Assets/Artwork/Level/mainlevbuild_149.asset
  artifactKey: Guid(d2e8c34d5484ba14c845536a98844e10) Importer(815301076,1909f56bfc062723c751e8b465ee728b)
Start importing Assets/Artwork/Level/mainlevbuild_149.asset using Guid(d2e8c34d5484ba14c845536a98844e10) Importer(815301076,1909f56bfc062723c751e8b465ee728b)  -> (artifact id: '2437969bab093dce63e5a08c294501c6') in 0.010301 seconds
Number of updated asset objects reloaded before import = 0
Number of asset objects unloaded after import = 3
========================================================================
Received Import Request.
  Time since last request: 0.224416 seconds.
  path: Assets/Artwork/Level/mainlevbuild_153.asset
  artifactKey: Guid(782a422e098da2b4b8d222f1a026171b) Importer(815301076,1909f56bfc062723c751e8b465ee728b)
Start importing Assets/Artwork/Level/mainlevbuild_153.asset using Guid(782a422e098da2b4b8d222f1a026171b) Importer(815301076,1909f56bfc062723c751e8b465ee728b)  -> (artifact id: 'eaa22a3c6390ca182b9dace039bc8593') in 0.011722 seconds
Number of updated asset objects reloaded before import = 0
Number of asset objects unloaded after import = 3
========================================================================
Received Import Request.
  Time since last request: 0.010591 seconds.
  path: Assets/Artwork/Level/mainlevbuild_155.asset
  artifactKey: Guid(f3f010a99e55522438aebc9edd1a1a69) Importer(815301076,1909f56bfc062723c751e8b465ee728b)
Start importing Assets/Artwork/Level/mainlevbuild_155.asset using Guid(f3f010a99e55522438aebc9edd1a1a69) Importer(815301076,1909f56bfc062723c751e8b465ee728b)  -> (artifact id: '25e338745c8144edff21ef15842225a0') in 0.008553 seconds
Number of updated asset objects reloaded before import = 0
Number of asset objects unloaded after import = 3
========================================================================
Received Import Request.
  Time since last request: 0.008985 seconds.
  path: Assets/Artwork/Level/mainlevbuild_157.asset
  artifactKey: Guid(53f44d6adb41fe04993d7249d2edfade) Importer(815301076,1909f56bfc062723c751e8b465ee728b)
Start importing Assets/Artwork/Level/mainlevbuild_157.asset using Guid(53f44d6adb41fe04993d7249d2edfade) Importer(815301076,1909f56bfc062723c751e8b465ee728b)  -> (artifact id: 'a70fda72f7f7bf987426b413c3a3efd8') in 0.009498 seconds
Number of updated asset objects reloaded before import = 0
Number of asset objects unloaded after import = 3
========================================================================
Received Import Request.
  Time since last request: 0.219759 seconds.
  path: Assets/Artwork/Level/mainlevbuild_159.asset
  artifactKey: Guid(53e99aefff8bd0c4fb9c878fb6b24736) Importer(815301076,1909f56bfc062723c751e8b465ee728b)
Start importing Assets/Artwork/Level/mainlevbuild_159.asset using Guid(53e99aefff8bd0c4fb9c878fb6b24736) Importer(815301076,1909f56bfc062723c751e8b465ee728b)  -> (artifact id: 'cd02dc649a5a5a9de9f8f22665df0e2e') in 0.018004 seconds
Number of updated asset objects reloaded before import = 0
Number of asset objects unloaded after import = 3
========================================================================
Received Import Request.
  Time since last request: 0.009561 seconds.
  path: Assets/Artwork/Level/mainlevbuild_163.asset
  artifactKey: Guid(01d7413c731b774418e7fd6b2555a860) Importer(815301076,1909f56bfc062723c751e8b465ee728b)
Start importing Assets/Artwork/Level/mainlevbuild_163.asset using Guid(01d7413c731b774418e7fd6b2555a860) Importer(815301076,1909f56bfc062723c751e8b465ee728b)  -> (artifact id: '43a4fe40159be6eec031078a206ef0f3') in 0.009042 seconds
Number of updated asset objects reloaded before import = 0
Number of asset objects unloaded after import = 3
========================================================================
Received Import Request.
  Time since last request: 0.008948 seconds.
  path: Assets/Artwork/Level/mainlevbuild_165.asset
  artifactKey: Guid(8a3b82291b0d6c148812f9b18d68d2ee) Importer(815301076,1909f56bfc062723c751e8b465ee728b)
Start importing Assets/Artwork/Level/mainlevbuild_165.asset using Guid(8a3b82291b0d6c148812f9b18d68d2ee) Importer(815301076,1909f56bfc062723c751e8b465ee728b)  -> (artifact id: 'd89410cf431896dcd43bd423d84c20af') in 0.009584 seconds
Number of updated asset objects reloaded before import = 0
Number of asset objects unloaded after import = 3
========================================================================
Received Import Request.
  Time since last request: 0.197526 seconds.
  path: Assets/Artwork/Level/mainlevbuild_167.asset
  artifactKey: Guid(8d7e5611143a2b248943cedb416eee22) Importer(815301076,1909f56bfc062723c751e8b465ee728b)
Start importing Assets/Artwork/Level/mainlevbuild_167.asset using Guid(8d7e5611143a2b248943cedb416eee22) Importer(815301076,1909f56bfc062723c751e8b465ee728b)  -> (artifact id: 'c1e66f32ec1aa59f80c5ba1e108aae81') in 0.011491 seconds
Number of updated asset objects reloaded before import = 0
Number of asset objects unloaded after import = 3
========================================================================
Received Import Request.
  Time since last request: 0.013745 seconds.
  path: Assets/Artwork/Level/mainlevbuild_169.asset
  artifactKey: Guid(d60fe1ed9619b1a4b8aea073b7487acc) Importer(815301076,1909f56bfc062723c751e8b465ee728b)
Start importing Assets/Artwork/Level/mainlevbuild_169.asset using Guid(d60fe1ed9619b1a4b8aea073b7487acc) Importer(815301076,1909f56bfc062723c751e8b465ee728b)  -> (artifact id: '0746475e0efa30cd4068e08da598071a') in 0.019498 seconds
Number of updated asset objects reloaded before import = 0
Number of asset objects unloaded after import = 3
========================================================================
Received Import Request.
  Time since last request: 0.000014 seconds.
  path: Assets/Artwork/Level/mainlevbuild_174.asset
  artifactKey: Guid(2d5c7facfb3fff04a973f30ebbecfd4d) Importer(815301076,1909f56bfc062723c751e8b465ee728b)
Start importing Assets/Artwork/Level/mainlevbuild_174.asset using Guid(2d5c7facfb3fff04a973f30ebbecfd4d) Importer(815301076,1909f56bfc062723c751e8b465ee728b)  -> (artifact id: 'e91b6cf7151e2c6300489d607fd9f417') in 0.017595 seconds
Number of updated asset objects reloaded before import = 0
Number of asset objects unloaded after import = 3
========================================================================
Received Import Request.
  Time since last request: 0.237770 seconds.
  path: Assets/Artwork/Level/mainlevbuild_175.asset
  artifactKey: Guid(011a9f8ed85d45a4d86aa2187edd6535) Importer(815301076,1909f56bfc062723c751e8b465ee728b)
Start importing Assets/Artwork/Level/mainlevbuild_175.asset using Guid(011a9f8ed85d45a4d86aa2187edd6535) Importer(815301076,1909f56bfc062723c751e8b465ee728b)  -> (artifact id: '9497263ecbafa071055a21a11a570f77') in 0.021673 seconds
Number of updated asset objects reloaded before import = 0
Number of asset objects unloaded after import = 3
========================================================================
Received Import Request.
  Time since last request: 0.035733 seconds.
  path: Assets/Artwork/Level/mainlevbuild_179.asset
  artifactKey: Guid(a401f5ba3623b6a4f8c5e387c99cb383) Importer(815301076,1909f56bfc062723c751e8b465ee728b)
Start importing Assets/Artwork/Level/mainlevbuild_179.asset using Guid(a401f5ba3623b6a4f8c5e387c99cb383) Importer(815301076,1909f56bfc062723c751e8b465ee728b)  -> (artifact id: '9882731104ae638dab972e3af3c158a6') in 0.020899 seconds
Number of updated asset objects reloaded before import = 0
Number of asset objects unloaded after import = 3
========================================================================
Received Import Request.
  Time since last request: 0.191704 seconds.
  path: Assets/Artwork/Level/mainlevbuild_181.asset
  artifactKey: Guid(4652a2bfe5b94c24b90a0e0602b671dd) Importer(815301076,1909f56bfc062723c751e8b465ee728b)
Start importing Assets/Artwork/Level/mainlevbuild_181.asset using Guid(4652a2bfe5b94c24b90a0e0602b671dd) Importer(815301076,1909f56bfc062723c751e8b465ee728b)  -> (artifact id: 'ba4f8f81faa924e79a8a3e8adaf3a820') in 0.012220 seconds
Number of updated asset objects reloaded before import = 0
Number of asset objects unloaded after import = 3
========================================================================
Received Import Request.
  Time since last request: 0.009718 seconds.
  path: Assets/Artwork/Level/mainlevbuild_183.asset
  artifactKey: Guid(68265eb66619d9b4ab17e340cb7fb6ea) Importer(815301076,1909f56bfc062723c751e8b465ee728b)
Start importing Assets/Artwork/Level/mainlevbuild_183.asset using Guid(68265eb66619d9b4ab17e340cb7fb6ea) Importer(815301076,1909f56bfc062723c751e8b465ee728b)  -> (artifact id: 'd76696230a6fff826c920e7f992c4fa4') in 0.015089 seconds
Number of updated asset objects reloaded before import = 0
Number of asset objects unloaded after import = 3
========================================================================
Received Import Request.
  Time since last request: 0.232609 seconds.
  path: Assets/Artwork/Level/mainlevbuild_185.asset
  artifactKey: Guid(572a57b57d004aa4fbbbc6758d562105) Importer(815301076,1909f56bfc062723c751e8b465ee728b)
Start importing Assets/Artwork/Level/mainlevbuild_185.asset using Guid(572a57b57d004aa4fbbbc6758d562105) Importer(815301076,1909f56bfc062723c751e8b465ee728b)  -> (artifact id: '937e4e9cb880f628ca90e9d465b97647') in 0.027719 seconds
Number of updated asset objects reloaded before import = 0
Number of asset objects unloaded after import = 3
========================================================================
Received Import Request.
  Time since last request: 0.034365 seconds.
  path: Assets/Artwork/Level/mainlevbuild_189.asset
  artifactKey: Guid(b65f85a7ab4337240969764d2957624e) Importer(815301076,1909f56bfc062723c751e8b465ee728b)
Start importing Assets/Artwork/Level/mainlevbuild_189.asset using Guid(b65f85a7ab4337240969764d2957624e) Importer(815301076,1909f56bfc062723c751e8b465ee728b)  -> (artifact id: 'f0135655c19ee420c69de15785eb6a0a') in 0.019973 seconds
Number of updated asset objects reloaded before import = 0
Number of asset objects unloaded after import = 3
========================================================================
Received Import Request.
  Time since last request: 1.301351 seconds.
  path: Assets/Artwork/Level/mainlevbuild_193.asset
  artifactKey: Guid(0671de64fb4932847831d6613a730966) Importer(815301076,1909f56bfc062723c751e8b465ee728b)
Start importing Assets/Artwork/Level/mainlevbuild_193.asset using Guid(0671de64fb4932847831d6613a730966) Importer(815301076,1909f56bfc062723c751e8b465ee728b)  -> (artifact id: 'de39ac7ee776af7e17a517365834e887') in 0.014176 seconds
Number of updated asset objects reloaded before import = 0
Number of asset objects unloaded after import = 3
========================================================================
Received Import Request.
  Time since last request: 0.000036 seconds.
  path: Assets/Artwork/Level/mainlevbuild_202.asset
  artifactKey: Guid(3b20aa3e1dfda1a4b8cfe28f132074f4) Importer(815301076,1909f56bfc062723c751e8b465ee728b)
Start importing Assets/Artwork/Level/mainlevbuild_202.asset using Guid(3b20aa3e1dfda1a4b8cfe28f132074f4) Importer(815301076,1909f56bfc062723c751e8b465ee728b)  -> (artifact id: '7251b1badfb4f5095ddda50829a5c089') in 0.019888 seconds
Number of updated asset objects reloaded before import = 0
Number of asset objects unloaded after import = 3
========================================================================
Received Import Request.
  Time since last request: 0.000017 seconds.
  path: Assets/Artwork/Level/mainlevbuild_206.asset
  artifactKey: Guid(e2cf7d0d84b5e1549a075b64d3a5c5ef) Importer(815301076,1909f56bfc062723c751e8b465ee728b)
Start importing Assets/Artwork/Level/mainlevbuild_206.asset using Guid(e2cf7d0d84b5e1549a075b64d3a5c5ef) Importer(815301076,1909f56bfc062723c751e8b465ee728b)  -> (artifact id: '54075747a6569d39ec1cad09be7da1e0') in 0.012228 seconds
Number of updated asset objects reloaded before import = 0
Number of asset objects unloaded after import = 3
========================================================================
Received Import Request.
  Time since last request: 0.000016 seconds.
  path: Assets/Artwork/Level/mainlevbuild_208.asset
  artifactKey: Guid(99d9dec7eb8cfa746ad4c23a9b5b544f) Importer(815301076,1909f56bfc062723c751e8b465ee728b)
Start importing Assets/Artwork/Level/mainlevbuild_208.asset using Guid(99d9dec7eb8cfa746ad4c23a9b5b544f) Importer(815301076,1909f56bfc062723c751e8b465ee728b)  -> (artifact id: '0e6e32d7c512883e78ad5bb1a33936f2') in 0.018476 seconds
Number of updated asset objects reloaded before import = 0
Number of asset objects unloaded after import = 3
========================================================================
Received Import Request.
  Time since last request: 0.000020 seconds.
  path: Assets/Artwork/Level/mainlevbuild_327.asset
  artifactKey: Guid(58b63ee8d99453846b6f4a600a7dd7c0) Importer(815301076,1909f56bfc062723c751e8b465ee728b)
Start importing Assets/Artwork/Level/mainlevbuild_327.asset using Guid(58b63ee8d99453846b6f4a600a7dd7c0) Importer(815301076,1909f56bfc062723c751e8b465ee728b)  -> (artifact id: '4e83e84ddf89a2168598b3a65f2144cf') in 0.011818 seconds
Number of updated asset objects reloaded before import = 0
Number of asset objects unloaded after import = 3
========================================================================
Received Import Request.
  Time since last request: 0.000018 seconds.
  path: Assets/Artwork/Level/mainlevbuild_326.asset
  artifactKey: Guid(2b491e673180a8e4a90cc1efdabf6b3a) Importer(815301076,1909f56bfc062723c751e8b465ee728b)
Start importing Assets/Artwork/Level/mainlevbuild_326.asset using Guid(2b491e673180a8e4a90cc1efdabf6b3a) Importer(815301076,1909f56bfc062723c751e8b465ee728b)  -> (artifact id: 'ec0072d2eafce5c6f5b0c4cdbf1885df') in 0.010751 seconds
Number of updated asset objects reloaded before import = 0
Number of asset objects unloaded after import = 3
========================================================================
Received Import Request.
  Time since last request: 0.000027 seconds.
  path: Assets/Artwork/Level/mainlevbuild_343.asset
  artifactKey: Guid(b97b821d0b0dc4c4b8f85dacb506cdc6) Importer(815301076,1909f56bfc062723c751e8b465ee728b)
Start importing Assets/Artwork/Level/mainlevbuild_343.asset using Guid(b97b821d0b0dc4c4b8f85dacb506cdc6) Importer(815301076,1909f56bfc062723c751e8b465ee728b)  -> (artifact id: '6aeccb5febbdf469313128f4419713e5') in 0.026365 seconds
Number of updated asset objects reloaded before import = 0
Number of asset objects unloaded after import = 3
========================================================================
Received Import Request.
  Time since last request: 0.000017 seconds.
  path: Assets/Artwork/Level/mainlevbuild_517.asset
  artifactKey: Guid(a6049605c5488cc4fbefbd47b55db532) Importer(815301076,1909f56bfc062723c751e8b465ee728b)
Start importing Assets/Artwork/Level/mainlevbuild_517.asset using Guid(a6049605c5488cc4fbefbd47b55db532) Importer(815301076,1909f56bfc062723c751e8b465ee728b)  -> (artifact id: 'ad2151a9107f35126bdcd6985063c121') in 0.011624 seconds
Number of updated asset objects reloaded before import = 0
Number of asset objects unloaded after import = 3
========================================================================
Received Import Request.
  Time since last request: 0.000015 seconds.
  path: Assets/Artwork/Level/mainlevbuild_522.asset
  artifactKey: Guid(b3768908b74a3684588c88138331921d) Importer(815301076,1909f56bfc062723c751e8b465ee728b)
Start importing Assets/Artwork/Level/mainlevbuild_522.asset using Guid(b3768908b74a3684588c88138331921d) Importer(815301076,1909f56bfc062723c751e8b465ee728b)  -> (artifact id: '2ba4dde7f9f5cb5e06208313dcc766d5') in 0.010918 seconds
Number of updated asset objects reloaded before import = 0
Number of asset objects unloaded after import = 3
========================================================================
Received Import Request.
  Time since last request: 0.000020 seconds.
  path: Assets/Artwork/Level/mainlevbuild_525.asset
  artifactKey: Guid(59d40a768b9cdb54789dbeb0201ce203) Importer(815301076,1909f56bfc062723c751e8b465ee728b)
Start importing Assets/Artwork/Level/mainlevbuild_525.asset using Guid(59d40a768b9cdb54789dbeb0201ce203) Importer(815301076,1909f56bfc062723c751e8b465ee728b)  -> (artifact id: 'b3e7e8bc50cda24f63ebc2a59f130291') in 0.013296 seconds
Number of updated asset objects reloaded before import = 0
Number of asset objects unloaded after import = 3
========================================================================
Received Import Request.
  Time since last request: 0.000019 seconds.
  path: Assets/Artwork/Level/mainlevbuild_341.asset
  artifactKey: Guid(7aad4abba892d7d479300a8d2d92011d) Importer(815301076,1909f56bfc062723c751e8b465ee728b)
Start importing Assets/Artwork/Level/mainlevbuild_341.asset using Guid(7aad4abba892d7d479300a8d2d92011d) Importer(815301076,1909f56bfc062723c751e8b465ee728b)  -> (artifact id: '33a2dd773971131d4c39e16f66088421') in 0.012783 seconds
Number of updated asset objects reloaded before import = 0
Number of asset objects unloaded after import = 3
========================================================================
Received Import Request.
  Time since last request: 0.000017 seconds.
  path: Assets/Artwork/Level/mainlevbuild_545.asset
  artifactKey: Guid(d23fa4067664b9546b535d1cbd60443f) Importer(815301076,1909f56bfc062723c751e8b465ee728b)
Start importing Assets/Artwork/Level/mainlevbuild_545.asset using Guid(d23fa4067664b9546b535d1cbd60443f) Importer(815301076,1909f56bfc062723c751e8b465ee728b)  -> (artifact id: '8bc1fa07c34a659addb78c7f6b0c5959') in 0.012083 seconds
Number of updated asset objects reloaded before import = 0
Number of asset objects unloaded after import = 3
========================================================================
Received Import Request.
  Time since last request: 0.000020 seconds.
  path: Assets/Artwork/Level/mainlevbuild_551.asset
  artifactKey: Guid(236de1e0daa1f4340a8b5cf1005ebf89) Importer(815301076,1909f56bfc062723c751e8b465ee728b)
Start importing Assets/Artwork/Level/mainlevbuild_551.asset using Guid(236de1e0daa1f4340a8b5cf1005ebf89) Importer(815301076,1909f56bfc062723c751e8b465ee728b)  -> (artifact id: 'f25311b33cefddc73de45e62b09f2f53') in 0.015082 seconds
Number of updated asset objects reloaded before import = 0
Number of asset objects unloaded after import = 3
========================================================================
Received Import Request.
  Time since last request: 0.000015 seconds.
  path: Assets/Artwork/Level/mainlevbuild_555.asset
  artifactKey: Guid(00ea6b907bdac4045b7104d8a1f10843) Importer(815301076,1909f56bfc062723c751e8b465ee728b)
Start importing Assets/Artwork/Level/mainlevbuild_555.asset using Guid(00ea6b907bdac4045b7104d8a1f10843) Importer(815301076,1909f56bfc062723c751e8b465ee728b)  -> (artifact id: '33897c48440898eec6cdba515fdd4ff4') in 0.010446 seconds
Number of updated asset objects reloaded before import = 0
Number of asset objects unloaded after import = 3
========================================================================
Received Import Request.
  Time since last request: 0.000029 seconds.
  path: Assets/Artwork/Level/mainlevbuild_342.asset
  artifactKey: Guid(3b230a71788dffb498c73406bc4097c6) Importer(815301076,1909f56bfc062723c751e8b465ee728b)
Start importing Assets/Artwork/Level/mainlevbuild_342.asset using Guid(3b230a71788dffb498c73406bc4097c6) Importer(815301076,1909f56bfc062723c751e8b465ee728b)  -> (artifact id: '8d088695765593acfc666ac1b2553a5b') in 0.014646 seconds
Number of updated asset objects reloaded before import = 0
Number of asset objects unloaded after import = 3
========================================================================
Received Import Request.
  Time since last request: 0.000022 seconds.
  path: Assets/Artwork/Level/mainlevbuild_338.asset
  artifactKey: Guid(196dc0862dace5d41b5f191c9b36e35c) Importer(815301076,1909f56bfc062723c751e8b465ee728b)
Start importing Assets/Artwork/Level/mainlevbuild_338.asset using Guid(196dc0862dace5d41b5f191c9b36e35c) Importer(815301076,1909f56bfc062723c751e8b465ee728b)  -> (artifact id: '163b34a28f8078d6cbf1acb3f042615d') in 0.012938 seconds
Number of updated asset objects reloaded before import = 0
Number of asset objects unloaded after import = 3
========================================================================
Received Import Request.
  Time since last request: 0.000018 seconds.
  path: Assets/Artwork/Level/mainlevbuild_521.asset
  artifactKey: Guid(71ccd296071355145b413c1118157eaf) Importer(815301076,1909f56bfc062723c751e8b465ee728b)
Start importing Assets/Artwork/Level/mainlevbuild_521.asset using Guid(71ccd296071355145b413c1118157eaf) Importer(815301076,1909f56bfc062723c751e8b465ee728b)  -> (artifact id: 'f1b8dbeebcf5e0eac1a2928db5072f22') in 0.011803 seconds
Number of updated asset objects reloaded before import = 0
Number of asset objects unloaded after import = 3
========================================================================
Received Import Request.
  Time since last request: 0.000017 seconds.
  path: Assets/Artwork/Level/mainlevbuild_539.asset
  artifactKey: Guid(1f580a532770f3b438eb3303259ed691) Importer(815301076,1909f56bfc062723c751e8b465ee728b)
Start importing Assets/Artwork/Level/mainlevbuild_539.asset using Guid(1f580a532770f3b438eb3303259ed691) Importer(815301076,1909f56bfc062723c751e8b465ee728b)  -> (artifact id: 'e1fae85203c134ddd5ba16ed87e9912d') in 0.011851 seconds
Number of updated asset objects reloaded before import = 0
Number of asset objects unloaded after import = 3
========================================================================
Received Import Request.
  Time since last request: 0.000019 seconds.
  path: Assets/Artwork/Level/mainlevbuild_528.asset
  artifactKey: Guid(963cc72efbd26b44a8d0abaca267c43a) Importer(815301076,1909f56bfc062723c751e8b465ee728b)
Start importing Assets/Artwork/Level/mainlevbuild_528.asset using Guid(963cc72efbd26b44a8d0abaca267c43a) Importer(815301076,1909f56bfc062723c751e8b465ee728b)  -> (artifact id: '1789ae1df9042ae900d5b2b10d97055a') in 0.012599 seconds
Number of updated asset objects reloaded before import = 0
Number of asset objects unloaded after import = 3
========================================================================
Received Import Request.
  Time since last request: 0.000024 seconds.
  path: Assets/Artwork/Level/mainlevbuild_530.asset
  artifactKey: Guid(4c54778eb47519847a3493f8a2c52ae8) Importer(815301076,1909f56bfc062723c751e8b465ee728b)
Start importing Assets/Artwork/Level/mainlevbuild_530.asset using Guid(4c54778eb47519847a3493f8a2c52ae8) Importer(815301076,1909f56bfc062723c751e8b465ee728b)  -> (artifact id: '631b39ba7faf76b66feae9b3c18e55e8') in 0.010102 seconds
Number of updated asset objects reloaded before import = 0
Number of asset objects unloaded after import = 3
========================================================================
Received Import Request.
  Time since last request: 0.000034 seconds.
  path: Assets/Artwork/Level/mainlevbuild_547.asset
  artifactKey: Guid(480df12f6ece24544944a44f2bbfa774) Importer(815301076,1909f56bfc062723c751e8b465ee728b)
Start importing Assets/Artwork/Level/mainlevbuild_547.asset using Guid(480df12f6ece24544944a44f2bbfa774) Importer(815301076,1909f56bfc062723c751e8b465ee728b)  -> (artifact id: 'fccc1bbbae6e4197b56384a87977bb04') in 0.010781 seconds
Number of updated asset objects reloaded before import = 0
Number of asset objects unloaded after import = 3
========================================================================
Received Import Request.
  Time since last request: 0.000023 seconds.
  path: Assets/Artwork/Level/mainlevbuild_321.asset
  artifactKey: Guid(6f244288abb5a094ca10853d04e4e0b1) Importer(815301076,1909f56bfc062723c751e8b465ee728b)
Start importing Assets/Artwork/Level/mainlevbuild_321.asset using Guid(6f244288abb5a094ca10853d04e4e0b1) Importer(815301076,1909f56bfc062723c751e8b465ee728b)  -> (artifact id: '9d7fcd764eece6162170bc1f3d9ba0e9') in 0.011436 seconds
Number of updated asset objects reloaded before import = 0
Number of asset objects unloaded after import = 3
========================================================================
Received Import Request.
  Time since last request: 0.000025 seconds.
  path: Assets/Artwork/Level/mainlevbuild_542.asset
  artifactKey: Guid(d928c0d22a99d984da958b4a7de23392) Importer(815301076,1909f56bfc062723c751e8b465ee728b)
Start importing Assets/Artwork/Level/mainlevbuild_542.asset using Guid(d928c0d22a99d984da958b4a7de23392) Importer(815301076,1909f56bfc062723c751e8b465ee728b)  -> (artifact id: '3654a406d5adbcfcbc998c50e364fa72') in 0.010809 seconds
Number of updated asset objects reloaded before import = 0
Number of asset objects unloaded after import = 3
Editor requested this worker to shutdown with reason: Scaling down because of idle timeout
TcpMessagingSession - receive error: operation aborted. errorcode: 995, details:        I/O  .
AssetImportWorker is now disconnected from the server
Process exiting
Exiting without the bug reporter. Application will terminate with return code 0