Using pre-set license
Built from '2022.3/staging' branch; Version is '2022.3.2f1 (d74737c6db50) revision 14108471'; Using compiler version '192829333'; Build Type 'Release'
OS: 'Windows 10  (10.0.19045) 64bit Professional' Language: 'ko' Physical Memory: 7524 MB
BatchMode: 1, IsHumanControllingUs: 0, StartBugReporterOnCrash: 0, Is64bit: 1, IsPro: 1

COMMAND LINE ARGUMENTS:
C:\Program Files\Unity\Hub\Editor\2022.3.2f1\Editor\Unity.exe
-adb2
-batchMode
-noUpm
-name
AssetImportWorker5
-projectPath
C:/Users/tpffl/Unity/my_zep_town
-logFile
Logs/AssetImportWorker5.log
-srvPort
52921
Successfully changed project path to: C:/Users/tpffl/Unity/my_zep_town
C:/Users/tpffl/Unity/my_zep_town
[UnityMemory] Configuration Parameters - Can be set up in boot.config
    "memorysetup-bucket-allocator-granularity=16"
    "memorysetup-bucket-allocator-bucket-count=8"
    "memorysetup-bucket-allocator-block-size=33554432"
    "memorysetup-bucket-allocator-block-count=8"
    "memorysetup-main-allocator-block-size=16777216"
    "memorysetup-thread-allocator-block-size=16777216"
    "memorysetup-gfx-main-allocator-block-size=16777216"
    "memorysetup-gfx-thread-allocator-block-size=16777216"
    "memorysetup-cache-allocator-block-size=4194304"
    "memorysetup-typetree-allocator-block-size=2097152"
    "memorysetup-profiler-bucket-allocator-granularity=16"
    "memorysetup-profiler-bucket-allocator-bucket-count=8"
    "memorysetup-profiler-bucket-allocator-block-size=33554432"
    "memorysetup-profiler-bucket-allocator-block-count=8"
    "memorysetup-profiler-allocator-block-size=16777216"
    "memorysetup-profiler-editor-allocator-block-size=1048576"
    "memorysetup-temp-allocator-size-main=16777216"
    "memorysetup-job-temp-allocator-block-size=2097152"
    "memorysetup-job-temp-allocator-block-size-background=1048576"
    "memorysetup-job-temp-allocator-reduction-small-platforms=262144"
    "memorysetup-allocator-temp-initial-block-size-main=262144"
    "memorysetup-allocator-temp-initial-block-size-worker=262144"
    "memorysetup-temp-allocator-size-background-worker=32768"
    "memorysetup-temp-allocator-size-job-worker=262144"
    "memorysetup-temp-allocator-size-preload-manager=33554432"
    "memorysetup-temp-allocator-size-nav-mesh-worker=65536"
    "memorysetup-temp-allocator-size-audio-worker=65536"
    "memorysetup-temp-allocator-size-cloud-worker=32768"
    "memorysetup-temp-allocator-size-gi-baking-worker=262144"
    "memorysetup-temp-allocator-size-gfx=262144"
Player connection [10880] Host "[IP] 172.30.1.17 [Port] 0 [Flags] 2 [Guid] 4204432928 [EditorId] 4204432928 [Version] 1048832 [Id] WindowsEditor(7,DESKTOP-0U5NL5S) [Debug] 1 [PackageName] WindowsEditor [ProjectName] Editor" joined multi-casting on [225.0.0.222:54997]...

Player connection [10880] Host "[IP] 172.30.1.17 [Port] 0 [Flags] 2 [Guid] 4204432928 [EditorId] 4204432928 [Version] 1048832 [Id] WindowsEditor(7,DESKTOP-0U5NL5S) [Debug] 1 [PackageName] WindowsEditor [ProjectName] Editor" joined alternative multi-casting on [225.0.0.222:34997]...

Refreshing native plugins compatible for Editor in 60.65 ms, found 4 plugins.
Preloading 0 native plugins for Editor in 0.00 ms.
Initialize engine version: 2022.3.2f1 (d74737c6db50)
[Subsystems] Discovering subsystems at path C:/Program Files/Unity/Hub/Editor/2022.3.2f1/Editor/Data/Resources/UnitySubsystems
[Subsystems] Discovering subsystems at path C:/Users/tpffl/Unity/my_zep_town/Assets
GfxDevice: creating device client; threaded=0; jobified=0
Direct3D:
    Version:  Direct3D 11.0 [level 11.1]
    Renderer: NVIDIA GeForce RTX 3050 Laptop GPU (ID=0x25a2)
    Vendor:   NVIDIA
    VRAM:     3977 MB
    Driver:   31.0.15.4665
Initialize mono
Mono path[0] = 'C:/Program Files/Unity/Hub/Editor/2022.3.2f1/Editor/Data/Managed'
Mono path[1] = 'C:/Program Files/Unity/Hub/Editor/2022.3.2f1/Editor/Data/MonoBleedingEdge/lib/mono/unityjit-win32'
Mono config path = 'C:/Program Files/Unity/Hub/Editor/2022.3.2f1/Editor/Data/MonoBleedingEdge/etc'
Using monoOptions --debugger-agent=transport=dt_socket,embedding=1,server=y,suspend=n,address=127.0.0.1:56576
Begin MonoManager ReloadAssembly
Registering precompiled unity dll's ...
Register platform support module: C:/Program Files/Unity/Hub/Editor/2022.3.2f1/Editor/Data/PlaybackEngines/AndroidPlayer/UnityEditor.Android.Extensions.dll
Register platform support module: C:/Program Files/Unity/Hub/Editor/2022.3.2f1/Editor/Data/PlaybackEngines/WindowsStandaloneSupport/UnityEditor.WindowsStandalone.Extensions.dll
Registered in 0.029596 seconds.
- Loaded All Assemblies, in  0.600 seconds
Native extension for WindowsStandalone target not found
Native extension for Android target not found
InvalidOperationException: Cannot start process because a file name has not been provided.
  at System.Diagnostics.Process.Start () [0x00024] in <1726b8fb30b6494e8753e45adcf8a07b>:0 
  at (wrapper remoting-invoke-with-check) System.Diagnostics.Process.Start()
  at UnityEditor.Android.ProgramAsShellExecute.Start (System.Diagnostics.ProcessStartInfo psi) [0x0000e] in <476ef08ce6bf48598d2df8af8530034d>:0 
  at UnityEditor.Android.Command.RunWithShellExecute (System.String command, System.String args, System.String workingdir, System.String errorMsg) [0x0003e] in <476ef08ce6bf48598d2df8af8530034d>:0 
  at UnityEditor.Android.ADB.StartServer () [0x00013] in <476ef08ce6bf48598d2df8af8530034d>:0 
  at UnityEditor.Android.ADB.Run (System.String[] command, UnityEditor.Android.Command+WaitingForProcessToExit waitingForProcessToExit, System.String errorMsg) [0x0000b] in <476ef08ce6bf48598d2df8af8530034d>:0 
  at UnityEditor.Android.AndroidDeploymentTargetsExtension.GetKnownTargets (UnityEditor.DeploymentTargets.IDeploymentTargetsMainThreadContext context, UnityEditor.ProgressHandler progressHandler) [0x00284] in <476ef08ce6bf48598d2df8af8530034d>:0 
  at UnityEditor.Android.TargetScanWorker.ScanSync () [0x00039] in <476ef08ce6bf48598d2df8af8530034d>:0 
  at UnityEditor.Android.TargetExtension.OnUsbDevicesChanged (UnityEditor.Hardware.UsbDevice[] usbDevices) [0x00081] in <476ef08ce6bf48598d2df8af8530034d>:0 
  at UnityEditor.Android.TargetExtension.OnLoad () [0x000ad] in <476ef08ce6bf48598d2df8af8530034d>:0 
  at UnityEditor.Modules.ModuleManager.InitializePlatformSupportModules () [0x0009d] in <ac87b54e58ee4be198261fd5c8030d52>:0 

Mono: successfully reloaded assembly
- Finished resetting the current domain, in  1.843 seconds
Domain Reload Profiling: 2438ms
	BeginReloadAssembly (215ms)
		ExecutionOrderSort (0ms)
		DisableScriptedObjects (0ms)
		BackupInstance (0ms)
		ReleaseScriptingObjects (0ms)
		CreateAndSetChildDomain (2ms)
	RebuildCommonClasses (45ms)
	RebuildNativeTypeToScriptingClass (9ms)
	initialDomainReloadingComplete (109ms)
	LoadAllAssembliesAndSetupDomain (217ms)
		LoadAssemblies (208ms)
		RebuildTransferFunctionScriptingTraits (0ms)
		AnalyzeDomain (199ms)
			TypeCache.Refresh (197ms)
				TypeCache.ScanAssembly (176ms)
			ScanForSourceGeneratedMonoScriptInfo (1ms)
			ResolveRequiredComponents (1ms)
	FinalizeReload (1843ms)
		ReleaseScriptCaches (0ms)
		RebuildScriptCaches (0ms)
		SetupLoadedEditorAssemblies (1781ms)
			LogAssemblyErrors (0ms)
			InitializePlatformSupportModulesInManaged (1633ms)
			SetLoadedEditorAssemblies (6ms)
			RefreshPlugins (0ms)
			BeforeProcessingInitializeOnLoad (2ms)
			ProcessInitializeOnLoadAttributes (89ms)
			ProcessInitializeOnLoadMethodAttributes (50ms)
			AfterProcessingInitializeOnLoad (0ms)
			EditorAssembliesLoaded (0ms)
		ExecutionOrderSort2 (0ms)
		AwakeInstancesAfterBackupRestoration (0ms)
========================================================================
Worker process is ready to serve import requests
Begin MonoManager ReloadAssembly
- Loaded All Assemblies, in  1.217 seconds
Refreshing native plugins compatible for Editor in 15.53 ms, found 4 plugins.
Native extension for WindowsStandalone target not found
Native extension for Android target not found
Package Manager log level set to [2]
[Package Manager] Server::EnsureServerProcessIsRunning -- launch failed, reason: Unity was launched with the -noUpm command-line argument
[Package Manager] UpmClient::Send -- Unable to send message (not connected to UPM process).
[Package Manager] Cannot connect to Unity Package Manager local server
Mono: successfully reloaded assembly
- Finished resetting the current domain, in  0.807 seconds
Domain Reload Profiling: 2010ms
	BeginReloadAssembly (177ms)
		ExecutionOrderSort (0ms)
		DisableScriptedObjects (5ms)
		BackupInstance (0ms)
		ReleaseScriptingObjects (0ms)
		CreateAndSetChildDomain (23ms)
	RebuildCommonClasses (32ms)
	RebuildNativeTypeToScriptingClass (8ms)
	initialDomainReloadingComplete (58ms)
	LoadAllAssembliesAndSetupDomain (926ms)
		LoadAssemblies (639ms)
		RebuildTransferFunctionScriptingTraits (0ms)
		AnalyzeDomain (379ms)
			TypeCache.Refresh (336ms)
				TypeCache.ScanAssembly (309ms)
			ScanForSourceGeneratedMonoScriptInfo (39ms)
			ResolveRequiredComponents (4ms)
	FinalizeReload (808ms)
		ReleaseScriptCaches (0ms)
		RebuildScriptCaches (0ms)
		SetupLoadedEditorAssemblies (606ms)
			LogAssemblyErrors (0ms)
			InitializePlatformSupportModulesInManaged (111ms)
			SetLoadedEditorAssemblies (3ms)
			RefreshPlugins (0ms)
			BeforeProcessingInitializeOnLoad (103ms)
			ProcessInitializeOnLoadAttributes (336ms)
			ProcessInitializeOnLoadMethodAttributes (34ms)
			AfterProcessingInitializeOnLoad (19ms)
			EditorAssembliesLoaded (0ms)
		ExecutionOrderSort2 (0ms)
		AwakeInstancesAfterBackupRestoration (16ms)
Launched and connected shader compiler UnityShaderCompiler.exe after 0.07 seconds
Refreshing native plugins compatible for Editor in 12.19 ms, found 4 plugins.
Preloading 0 native plugins for Editor in 0.00 ms.
Unloading 4393 Unused Serialized files (Serialized files now loaded: 0)
Unloading 76 unused Assets / (246.3 KB). Loaded Objects now: 4856.
Memory consumption went from 156.9 MB to 156.7 MB.
Total: 4.164100 ms (FindLiveObjects: 0.484000 ms CreateObjectMapping: 0.163600 ms MarkObjects: 3.114600 ms  DeleteObjects: 0.400800 ms)

AssetImportParameters requested are different than current active one (requested -> active):
  custom:container-demuxer-ogg: 62fdf1f143b41e24485cea50d1cbac27 -> 
  custom:video-decoder-ogg-theora: a1e56fd34408186e4bbccfd4996cb3dc -> 
  custom:framework-win-MediaFoundation: 216162199b28c13a410421893ffa2e32 -> 
  custom:container-demuxer-webm: 4f35f7cbe854078d1ac9338744f61a02 -> 
  custom:scripting/monoscript/fileName/PlayerInputController.cs: 010ec0843297c63fe514859b5b2ec549 -> 9dffa01c0adbb613a54447b3537cac38
  custom:container-muxer-webm: aa71ff27fc2769a1b78a27578f13a17b -> 
  custom:video-decoder-webm-vp8: 9c59270c3fd7afecdb556c50c9e8de78 -> 
  custom:AudioImporter_EditorPlatform: d09bf68614088b80899f8185d706f6e7 -> 
  custom:video-encoder-webm-vp8: eb34c28f22e8b96e1ab97ce403110664 -> 
  custom:audio-decoder-ogg-vorbis: bf7c407c2cedff20999df2af8eb42d56 -> 
  custom:audio-encoder-webm-vorbis: bf7c407c2cedff20999df2af8eb42d56 -> 
========================================================================
Received Import Request.
  Time since last request: 322268.918716 seconds.
  path: Assets/Artwork/Level/mainlevbuild_11.asset
  artifactKey: Guid(ea363de8fc69a5b4f8b5f20a860a8a54) Importer(815301076,1909f56bfc062723c751e8b465ee728b)
Start importing Assets/Artwork/Level/mainlevbuild_11.asset using Guid(ea363de8fc69a5b4f8b5f20a860a8a54) Importer(815301076,1909f56bfc062723c751e8b465ee728b)  -> (artifact id: '93c774e13303223df128d4abf0235551') in 0.087146 seconds
Number of updated asset objects reloaded before import = 0
Number of asset objects unloaded after import = 3
========================================================================
Received Import Request.
  Time since last request: 0.710498 seconds.
  path: Assets/Artwork/Level/mainlevbuild_18.asset
  artifactKey: Guid(1cc4b40a313726d418e749b2cc6240e4) Importer(815301076,1909f56bfc062723c751e8b465ee728b)
Start importing Assets/Artwork/Level/mainlevbuild_18.asset using Guid(1cc4b40a313726d418e749b2cc6240e4) Importer(815301076,1909f56bfc062723c751e8b465ee728b)  -> (artifact id: '63a9b7b5b27ff6722971d8ecdc246a3f') in 0.014232 seconds
Number of updated asset objects reloaded before import = 0
Number of asset objects unloaded after import = 3
========================================================================
Received Import Request.
  Time since last request: 0.000016 seconds.
  path: Assets/Artwork/Level/mainlevbuild_22.asset
  artifactKey: Guid(e750d93aa50ec7e4cba02fa9cb77216d) Importer(815301076,1909f56bfc062723c751e8b465ee728b)
Start importing Assets/Artwork/Level/mainlevbuild_22.asset using Guid(e750d93aa50ec7e4cba02fa9cb77216d) Importer(815301076,1909f56bfc062723c751e8b465ee728b)  -> (artifact id: 'f5e5ea815f32bddc5d777e0c7c915c98') in 0.015205 seconds
Number of updated asset objects reloaded before import = 0
Number of asset objects unloaded after import = 3
========================================================================
Received Import Request.
  Time since last request: 4.405004 seconds.
  path: Assets/Artwork/Level/mainlevbuild_26.asset
  artifactKey: Guid(45150b656226bf64988cfba5af036dd0) Importer(815301076,1909f56bfc062723c751e8b465ee728b)
Start importing Assets/Artwork/Level/mainlevbuild_26.asset using Guid(45150b656226bf64988cfba5af036dd0) Importer(815301076,1909f56bfc062723c751e8b465ee728b)  -> (artifact id: '2e98a371b1be1b0d52c62717d5258522') in 0.025675 seconds
Number of updated asset objects reloaded before import = 0
Number of asset objects unloaded after import = 3
========================================================================
Received Import Request.
  Time since last request: 0.280148 seconds.
  path: Assets/Artwork/Level/mainlevbuild_32.asset
  artifactKey: Guid(60ad267b26dfe9d4790b8bccb0f8a833) Importer(815301076,1909f56bfc062723c751e8b465ee728b)
Start importing Assets/Artwork/Level/mainlevbuild_32.asset using Guid(60ad267b26dfe9d4790b8bccb0f8a833) Importer(815301076,1909f56bfc062723c751e8b465ee728b)  -> (artifact id: 'd21d5ffe33b4596948ac834b4b8b23e3') in 0.008785 seconds
Number of updated asset objects reloaded before import = 0
Number of asset objects unloaded after import = 3
========================================================================
Received Import Request.
  Time since last request: 45.732618 seconds.
  path: Assets/Artwork/Level/mainlevbuild_50.asset
  artifactKey: Guid(282c4b821f025d8439226c12276fd1d2) Importer(815301076,1909f56bfc062723c751e8b465ee728b)
Start importing Assets/Artwork/Level/mainlevbuild_50.asset using Guid(282c4b821f025d8439226c12276fd1d2) Importer(815301076,1909f56bfc062723c751e8b465ee728b)  -> (artifact id: '3593a4ad7638b5f984d078d81a064b16') in 0.008061 seconds
Number of updated asset objects reloaded before import = 0
Number of asset objects unloaded after import = 3
========================================================================
Received Import Request.
  Time since last request: 0.821152 seconds.
  path: Assets/Artwork/Level/mainlevbuild_68.asset
  artifactKey: Guid(0d488aa44a0a260469f88bf1178b44d9) Importer(815301076,1909f56bfc062723c751e8b465ee728b)
Start importing Assets/Artwork/Level/mainlevbuild_68.asset using Guid(0d488aa44a0a260469f88bf1178b44d9) Importer(815301076,1909f56bfc062723c751e8b465ee728b)  -> (artifact id: '3539447d84b3d958333739becfa2485f') in 0.008748 seconds
Number of updated asset objects reloaded before import = 0
Number of asset objects unloaded after import = 3
========================================================================
Received Import Request.
  Time since last request: 0.025368 seconds.
  path: Assets/Artwork/Level/mainlevbuild_72.asset
  artifactKey: Guid(8c9ee0ddd12dab04ab770d691c9c985b) Importer(815301076,1909f56bfc062723c751e8b465ee728b)
Start importing Assets/Artwork/Level/mainlevbuild_72.asset using Guid(8c9ee0ddd12dab04ab770d691c9c985b) Importer(815301076,1909f56bfc062723c751e8b465ee728b)  -> (artifact id: 'f4e715a8f6b69542453e3f5a54dfa2e5') in 0.014829 seconds
Number of updated asset objects reloaded before import = 0
Number of asset objects unloaded after import = 3
========================================================================
Received Import Request.
  Time since last request: 0.534841 seconds.
  path: Assets/Artwork/Level/mainlevbuild_86.asset
  artifactKey: Guid(e31a80c8c4ce7a64d905d4dc1e97fee2) Importer(815301076,1909f56bfc062723c751e8b465ee728b)
Start importing Assets/Artwork/Level/mainlevbuild_86.asset using Guid(e31a80c8c4ce7a64d905d4dc1e97fee2) Importer(815301076,1909f56bfc062723c751e8b465ee728b)  -> (artifact id: 'a4256ba5b791eea03cb43d8538eeba3c') in 0.009236 seconds
Number of updated asset objects reloaded before import = 0
Number of asset objects unloaded after import = 3
========================================================================
Received Import Request.
  Time since last request: 0.266535 seconds.
  path: Assets/Artwork/Level/mainlevbuild_94.asset
  artifactKey: Guid(f47affe5d263a9c429435d65a23fcc2a) Importer(815301076,1909f56bfc062723c751e8b465ee728b)
Start importing Assets/Artwork/Level/mainlevbuild_94.asset using Guid(f47affe5d263a9c429435d65a23fcc2a) Importer(815301076,1909f56bfc062723c751e8b465ee728b)  -> (artifact id: '14ac59692cfcc4747419c7fbcf1099d8') in 0.010749 seconds
Number of updated asset objects reloaded before import = 0
Number of asset objects unloaded after import = 3
========================================================================
Received Import Request.
  Time since last request: 0.236425 seconds.
  path: Assets/Artwork/Level/mainlevbuild_100.asset
  artifactKey: Guid(7a01558ce112cb94fa57ac1c8c8e669d) Importer(815301076,1909f56bfc062723c751e8b465ee728b)
Start importing Assets/Artwork/Level/mainlevbuild_100.asset using Guid(7a01558ce112cb94fa57ac1c8c8e669d) Importer(815301076,1909f56bfc062723c751e8b465ee728b)  -> (artifact id: 'b1719777ceca6a3899d85ed480fafe4d') in 0.010544 seconds
Number of updated asset objects reloaded before import = 0
Number of asset objects unloaded after import = 3
========================================================================
Received Import Request.
  Time since last request: 0.248379 seconds.
  path: Assets/Artwork/Level/mainlevbuild_108.asset
  artifactKey: Guid(7adce835753996b47a1071138d63abe9) Importer(815301076,1909f56bfc062723c751e8b465ee728b)
Start importing Assets/Artwork/Level/mainlevbuild_108.asset using Guid(7adce835753996b47a1071138d63abe9) Importer(815301076,1909f56bfc062723c751e8b465ee728b)  -> (artifact id: '4015206a9b6ecd2e32e7890513b0d35f') in 0.009907 seconds
Number of updated asset objects reloaded before import = 0
Number of asset objects unloaded after import = 3
========================================================================
Received Import Request.
  Time since last request: 0.279228 seconds.
  path: Assets/Artwork/Level/mainlevbuild_118.asset
  artifactKey: Guid(be1cf759c63b4404d8b238ec22924aa7) Importer(815301076,1909f56bfc062723c751e8b465ee728b)
Start importing Assets/Artwork/Level/mainlevbuild_118.asset using Guid(be1cf759c63b4404d8b238ec22924aa7) Importer(815301076,1909f56bfc062723c751e8b465ee728b)  -> (artifact id: '67163f007a810a591c1fcd6fd7806e81') in 0.008923 seconds
Number of updated asset objects reloaded before import = 0
Number of asset objects unloaded after import = 3
========================================================================
Received Import Request.
  Time since last request: 0.252173 seconds.
  path: Assets/Artwork/Level/mainlevbuild_126.asset
  artifactKey: Guid(41e0357384559c643bc12afece8b4483) Importer(815301076,1909f56bfc062723c751e8b465ee728b)
Start importing Assets/Artwork/Level/mainlevbuild_126.asset using Guid(41e0357384559c643bc12afece8b4483) Importer(815301076,1909f56bfc062723c751e8b465ee728b)  -> (artifact id: '98e5e383a0cd43f34155dceec2eba5b1') in 0.008323 seconds
Number of updated asset objects reloaded before import = 0
Number of asset objects unloaded after import = 3
========================================================================
Received Import Request.
  Time since last request: 0.261012 seconds.
  path: Assets/Artwork/Level/mainlevbuild_134.asset
  artifactKey: Guid(e2b1c52e78bb531429b5b24c50a6cd70) Importer(815301076,1909f56bfc062723c751e8b465ee728b)
Start importing Assets/Artwork/Level/mainlevbuild_134.asset using Guid(e2b1c52e78bb531429b5b24c50a6cd70) Importer(815301076,1909f56bfc062723c751e8b465ee728b)  -> (artifact id: '2f1791c3bdf8b8ffa394b521284d4bc3') in 0.010337 seconds
Number of updated asset objects reloaded before import = 0
Number of asset objects unloaded after import = 3
========================================================================
Received Import Request.
  Time since last request: 0.252675 seconds.
  path: Assets/Artwork/Level/mainlevbuild_140.asset
  artifactKey: Guid(9ec325e9148525e49aa9b21602ab80ee) Importer(815301076,1909f56bfc062723c751e8b465ee728b)
Start importing Assets/Artwork/Level/mainlevbuild_140.asset using Guid(9ec325e9148525e49aa9b21602ab80ee) Importer(815301076,1909f56bfc062723c751e8b465ee728b)  -> (artifact id: 'ea9ef4fc8a35cba312cc058d6d2c40ae') in 0.011035 seconds
Number of updated asset objects reloaded before import = 0
Number of asset objects unloaded after import = 3
========================================================================
Received Import Request.
  Time since last request: 0.000019 seconds.
  path: Assets/Artwork/Level/mainlevbuild_144.asset
  artifactKey: Guid(be30ade16cca5f441b4baf76b30dfb98) Importer(815301076,1909f56bfc062723c751e8b465ee728b)
Start importing Assets/Artwork/Level/mainlevbuild_144.asset using Guid(be30ade16cca5f441b4baf76b30dfb98) Importer(815301076,1909f56bfc062723c751e8b465ee728b)  -> (artifact id: '39adf9be195b565cdb13b00b09ed1cf4') in 0.015405 seconds
Number of updated asset objects reloaded before import = 0
Number of asset objects unloaded after import = 3
========================================================================
Received Import Request.
  Time since last request: 0.228437 seconds.
  path: Assets/Artwork/Level/mainlevbuild_148.asset
  artifactKey: Guid(2cac6eaf6f62c1140b3a1e439ff40ca7) Importer(815301076,1909f56bfc062723c751e8b465ee728b)
Start importing Assets/Artwork/Level/mainlevbuild_148.asset using Guid(2cac6eaf6f62c1140b3a1e439ff40ca7) Importer(815301076,1909f56bfc062723c751e8b465ee728b)  -> (artifact id: '0e7e76475b1b11f28f661f67045106c4') in 0.008604 seconds
Number of updated asset objects reloaded before import = 0
Number of asset objects unloaded after import = 3
========================================================================
Received Import Request.
  Time since last request: 0.022988 seconds.
  path: Assets/Artwork/Level/mainlevbuild_152.asset
  artifactKey: Guid(a9ec1345900c3c945b709c72455fb5aa) Importer(815301076,1909f56bfc062723c751e8b465ee728b)
Start importing Assets/Artwork/Level/mainlevbuild_152.asset using Guid(a9ec1345900c3c945b709c72455fb5aa) Importer(815301076,1909f56bfc062723c751e8b465ee728b)  -> (artifact id: '6763adacbcceb2a5499bd063baf7ec0e') in 0.014471 seconds
Number of updated asset objects reloaded before import = 0
Number of asset objects unloaded after import = 3
========================================================================
Received Import Request.
  Time since last request: 0.497320 seconds.
  path: Assets/Artwork/Level/mainlevbuild_162.asset
  artifactKey: Guid(cca4de6c8fdf4584f80c6f1d687be011) Importer(815301076,1909f56bfc062723c751e8b465ee728b)
Start importing Assets/Artwork/Level/mainlevbuild_162.asset using Guid(cca4de6c8fdf4584f80c6f1d687be011) Importer(815301076,1909f56bfc062723c751e8b465ee728b)  -> (artifact id: '60bba9c1982374cc68d6fe3ac72c2f21') in 0.013516 seconds
Number of updated asset objects reloaded before import = 0
Number of asset objects unloaded after import = 3
========================================================================
Received Import Request.
  Time since last request: 0.275554 seconds.
  path: Assets/Artwork/Level/mainlevbuild_172.asset
  artifactKey: Guid(827a95316df45684783c927998d70eaf) Importer(815301076,1909f56bfc062723c751e8b465ee728b)
Start importing Assets/Artwork/Level/mainlevbuild_172.asset using Guid(827a95316df45684783c927998d70eaf) Importer(815301076,1909f56bfc062723c751e8b465ee728b)  -> (artifact id: 'cb3eee62df69be9cf46b86ddc86f5754') in 0.014766 seconds
Number of updated asset objects reloaded before import = 0
Number of asset objects unloaded after import = 3
========================================================================
Received Import Request.
  Time since last request: 0.265030 seconds.
  path: Assets/Artwork/Level/mainlevbuild_178.asset
  artifactKey: Guid(c1dbdd9902dec6f4c86a27e9561b30ea) Importer(815301076,1909f56bfc062723c751e8b465ee728b)
Start importing Assets/Artwork/Level/mainlevbuild_178.asset using Guid(c1dbdd9902dec6f4c86a27e9561b30ea) Importer(815301076,1909f56bfc062723c751e8b465ee728b)  -> (artifact id: '8ac0961c369525990a2e5d7eba2765ca') in 0.022833 seconds
Number of updated asset objects reloaded before import = 0
Number of asset objects unloaded after import = 3
========================================================================
Received Import Request.
  Time since last request: 0.519559 seconds.
  path: Assets/Artwork/Level/mainlevbuild_188.asset
  artifactKey: Guid(bd755897930775848ba9c3f7fea54846) Importer(815301076,1909f56bfc062723c751e8b465ee728b)
Start importing Assets/Artwork/Level/mainlevbuild_188.asset using Guid(bd755897930775848ba9c3f7fea54846) Importer(815301076,1909f56bfc062723c751e8b465ee728b)  -> (artifact id: '03ad2d8684dd3b638153412e5dbadba7') in 0.018811 seconds
Number of updated asset objects reloaded before import = 0
Number of asset objects unloaded after import = 3
========================================================================
Received Import Request.
  Time since last request: 0.038328 seconds.
  path: Assets/Artwork/Level/mainlevbuild_192.asset
  artifactKey: Guid(ce6dd624c7b9cdb4fb24dc807c876bbe) Importer(815301076,1909f56bfc062723c751e8b465ee728b)
Start importing Assets/Artwork/Level/mainlevbuild_192.asset using Guid(ce6dd624c7b9cdb4fb24dc807c876bbe) Importer(815301076,1909f56bfc062723c751e8b465ee728b)  -> (artifact id: '3e7dfcd8a676262cb848907b3f00067f') in 0.018452 seconds
Number of updated asset objects reloaded before import = 0
Number of asset objects unloaded after import = 3
========================================================================
Received Import Request.
  Time since last request: 1.302595 seconds.
  path: Assets/Artwork/Level/mainlevbuild_196.asset
  artifactKey: Guid(3309138594dbcdc469a825205bbf7060) Importer(815301076,1909f56bfc062723c751e8b465ee728b)
Start importing Assets/Artwork/Level/mainlevbuild_196.asset using Guid(3309138594dbcdc469a825205bbf7060) Importer(815301076,1909f56bfc062723c751e8b465ee728b)  -> (artifact id: 'fd1ceea45d10ad693480864f83d70026') in 0.012889 seconds
Number of updated asset objects reloaded before import = 0
Number of asset objects unloaded after import = 3
========================================================================
Received Import Request.
  Time since last request: 0.000015 seconds.
  path: Assets/Artwork/Level/mainlevbuild_197.asset
  artifactKey: Guid(168d6745b68cb0845b75445562f6a1b3) Importer(815301076,1909f56bfc062723c751e8b465ee728b)
Start importing Assets/Artwork/Level/mainlevbuild_197.asset using Guid(168d6745b68cb0845b75445562f6a1b3) Importer(815301076,1909f56bfc062723c751e8b465ee728b)  -> (artifact id: '6b905f56c90776dc05db15e840080b5b') in 0.014392 seconds
Number of updated asset objects reloaded before import = 0
Number of asset objects unloaded after import = 3
========================================================================
Received Import Request.
  Time since last request: 0.000038 seconds.
  path: Assets/Artwork/Level/mainlevbuild_209.asset
  artifactKey: Guid(e12e0ca79fe09b24da4e6293f9e18683) Importer(815301076,1909f56bfc062723c751e8b465ee728b)
Start importing Assets/Artwork/Level/mainlevbuild_209.asset using Guid(e12e0ca79fe09b24da4e6293f9e18683) Importer(815301076,1909f56bfc062723c751e8b465ee728b)  -> (artifact id: '2785fa5386f6aca71254caa7f96be2b2') in 0.019168 seconds
Number of updated asset objects reloaded before import = 0
Number of asset objects unloaded after import = 3
========================================================================
Received Import Request.
  Time since last request: 0.000020 seconds.
  path: Assets/Artwork/Level/mainlevbuild_318.asset
  artifactKey: Guid(61da0e054f7aef34c925cdc2c28a968f) Importer(815301076,1909f56bfc062723c751e8b465ee728b)
Start importing Assets/Artwork/Level/mainlevbuild_318.asset using Guid(61da0e054f7aef34c925cdc2c28a968f) Importer(815301076,1909f56bfc062723c751e8b465ee728b)  -> (artifact id: 'b16cdd0640a2462229dce41c656bf9e3') in 0.011021 seconds
Number of updated asset objects reloaded before import = 0
Number of asset objects unloaded after import = 3
========================================================================
Received Import Request.
  Time since last request: 0.000022 seconds.
  path: Assets/Artwork/Level/mainlevbuild_333.asset
  artifactKey: Guid(445139de41418ef4f84a59dbee37f3b1) Importer(815301076,1909f56bfc062723c751e8b465ee728b)
Start importing Assets/Artwork/Level/mainlevbuild_333.asset using Guid(445139de41418ef4f84a59dbee37f3b1) Importer(815301076,1909f56bfc062723c751e8b465ee728b)  -> (artifact id: 'e6cc187530bbf29652a4f1c50adf650d') in 0.009533 seconds
Number of updated asset objects reloaded before import = 0
Number of asset objects unloaded after import = 3
========================================================================
Received Import Request.
  Time since last request: 0.000015 seconds.
  path: Assets/Artwork/Level/mainlevbuild_324.asset
  artifactKey: Guid(ff529d3d9c1777446abeec85a573ef8b) Importer(815301076,1909f56bfc062723c751e8b465ee728b)
Start importing Assets/Artwork/Level/mainlevbuild_324.asset using Guid(ff529d3d9c1777446abeec85a573ef8b) Importer(815301076,1909f56bfc062723c751e8b465ee728b)  -> (artifact id: '986e1f517402eb2951cca50854912562') in 0.012070 seconds
Number of updated asset objects reloaded before import = 0
Number of asset objects unloaded after import = 3
========================================================================
Received Import Request.
  Time since last request: 0.000016 seconds.
  path: Assets/Artwork/Level/mainlevbuild_345.asset
  artifactKey: Guid(f27784558f2210544989e88d7cfbcd4d) Importer(815301076,1909f56bfc062723c751e8b465ee728b)
Start importing Assets/Artwork/Level/mainlevbuild_345.asset using Guid(f27784558f2210544989e88d7cfbcd4d) Importer(815301076,1909f56bfc062723c751e8b465ee728b)  -> (artifact id: 'd7ea5267370ceb2b4548634d63dbe86c') in 0.024785 seconds
Number of updated asset objects reloaded before import = 0
Number of asset objects unloaded after import = 3
========================================================================
Received Import Request.
  Time since last request: 0.000013 seconds.
  path: Assets/Artwork/Level/mainlevbuild_514.asset
  artifactKey: Guid(4121caf4965acde48be5cec29d3dde6c) Importer(815301076,1909f56bfc062723c751e8b465ee728b)
Start importing Assets/Artwork/Level/mainlevbuild_514.asset using Guid(4121caf4965acde48be5cec29d3dde6c) Importer(815301076,1909f56bfc062723c751e8b465ee728b)  -> (artifact id: '11d61642b3efafce8edf493294aee439') in 0.012237 seconds
Number of updated asset objects reloaded before import = 0
Number of asset objects unloaded after import = 3
========================================================================
Received Import Request.
  Time since last request: 0.000017 seconds.
  path: Assets/Artwork/Level/mainlevbuild_329.asset
  artifactKey: Guid(02f042b36c590f341972d9660e1a9342) Importer(815301076,1909f56bfc062723c751e8b465ee728b)
Start importing Assets/Artwork/Level/mainlevbuild_329.asset using Guid(02f042b36c590f341972d9660e1a9342) Importer(815301076,1909f56bfc062723c751e8b465ee728b)  -> (artifact id: 'c868598c9753b9fa0c102548ff3ca618') in 0.010764 seconds
Number of updated asset objects reloaded before import = 0
Number of asset objects unloaded after import = 3
========================================================================
Received Import Request.
  Time since last request: 0.000016 seconds.
  path: Assets/Artwork/Level/mainlevbuild_334.asset
  artifactKey: Guid(762028e5dd7c7004eb57865fb5691a37) Importer(815301076,1909f56bfc062723c751e8b465ee728b)
Start importing Assets/Artwork/Level/mainlevbuild_334.asset using Guid(762028e5dd7c7004eb57865fb5691a37) Importer(815301076,1909f56bfc062723c751e8b465ee728b)  -> (artifact id: '66b57dea1ef84149a6ba5247cea20240') in 0.012626 seconds
Number of updated asset objects reloaded before import = 0
Number of asset objects unloaded after import = 3
========================================================================
Received Import Request.
  Time since last request: 0.000034 seconds.
  path: Assets/Artwork/Level/mainlevbuild_535.asset
  artifactKey: Guid(82f1d38b44acea5418ab629ff71cc6e7) Importer(815301076,1909f56bfc062723c751e8b465ee728b)
Start importing Assets/Artwork/Level/mainlevbuild_535.asset using Guid(82f1d38b44acea5418ab629ff71cc6e7) Importer(815301076,1909f56bfc062723c751e8b465ee728b)  -> (artifact id: 'f7ada575256d9006cfd7735a30ea24fd') in 0.011956 seconds
Number of updated asset objects reloaded before import = 0
Number of asset objects unloaded after import = 3
========================================================================
Received Import Request.
  Time since last request: 0.000018 seconds.
  path: Assets/Artwork/Level/mainlevbuild_544.asset
  artifactKey: Guid(e3b48a22f175a9245b568d3e6aaac580) Importer(815301076,1909f56bfc062723c751e8b465ee728b)
Start importing Assets/Artwork/Level/mainlevbuild_544.asset using Guid(e3b48a22f175a9245b568d3e6aaac580) Importer(815301076,1909f56bfc062723c751e8b465ee728b)  -> (artifact id: 'd30c71eb8166a528382d4cb16c588b68') in 0.011822 seconds
Number of updated asset objects reloaded before import = 0
Number of asset objects unloaded after import = 3
========================================================================
Received Import Request.
  Time since last request: 0.000022 seconds.
  path: Assets/Artwork/Level/mainlevbuild_548.asset
  artifactKey: Guid(de18b14698ee6fd4fa40a421d91a6376) Importer(815301076,1909f56bfc062723c751e8b465ee728b)
Start importing Assets/Artwork/Level/mainlevbuild_548.asset using Guid(de18b14698ee6fd4fa40a421d91a6376) Importer(815301076,1909f56bfc062723c751e8b465ee728b)  -> (artifact id: '1dd4126e94109b989606d918d55f6526') in 0.009835 seconds
Number of updated asset objects reloaded before import = 0
Number of asset objects unloaded after import = 3
========================================================================
Received Import Request.
  Time since last request: 0.000023 seconds.
  path: Assets/Artwork/Level/mainlevbuild_552.asset
  artifactKey: Guid(84c07f9f8e99f9c4eb3b12fe512ebcb7) Importer(815301076,1909f56bfc062723c751e8b465ee728b)
Start importing Assets/Artwork/Level/mainlevbuild_552.asset using Guid(84c07f9f8e99f9c4eb3b12fe512ebcb7) Importer(815301076,1909f56bfc062723c751e8b465ee728b)  -> (artifact id: '499cf5417be596d9b478e597aeb31dcb') in 0.008245 seconds
Number of updated asset objects reloaded before import = 0
Number of asset objects unloaded after import = 3
========================================================================
Received Import Request.
  Time since last request: 0.000022 seconds.
  path: Assets/Artwork/Level/mainlevbuild_558.asset
  artifactKey: Guid(72de83d50178b514789709fe59fc8758) Importer(815301076,1909f56bfc062723c751e8b465ee728b)
Start importing Assets/Artwork/Level/mainlevbuild_558.asset using Guid(72de83d50178b514789709fe59fc8758) Importer(815301076,1909f56bfc062723c751e8b465ee728b)  -> (artifact id: 'cc555fd6ae1fab122d319da1cbb52d61') in 0.012248 seconds
Number of updated asset objects reloaded before import = 0
Number of asset objects unloaded after import = 3
========================================================================
Received Import Request.
  Time since last request: 0.000023 seconds.
  path: Assets/Artwork/Level/mainlevbuild_550.asset
  artifactKey: Guid(b4336f45348c2ee4ba1406f507b63ec5) Importer(815301076,1909f56bfc062723c751e8b465ee728b)
Start importing Assets/Artwork/Level/mainlevbuild_550.asset using Guid(b4336f45348c2ee4ba1406f507b63ec5) Importer(815301076,1909f56bfc062723c751e8b465ee728b)  -> (artifact id: 'eea694715dbb924d21384b13e7da32cd') in 0.012993 seconds
Number of updated asset objects reloaded before import = 0
Number of asset objects unloaded after import = 3
========================================================================
Received Import Request.
  Time since last request: 0.000051 seconds.
  path: Assets/Artwork/Level/mainlevbuild_536.asset
  artifactKey: Guid(4de97c60526c60a4ab04e9ef049d4d0c) Importer(815301076,1909f56bfc062723c751e8b465ee728b)
Start importing Assets/Artwork/Level/mainlevbuild_536.asset using Guid(4de97c60526c60a4ab04e9ef049d4d0c) Importer(815301076,1909f56bfc062723c751e8b465ee728b)  -> (artifact id: 'c67c84b0d0e11bed71a9deae0c336fa3') in 0.010634 seconds
Number of updated asset objects reloaded before import = 0
Number of asset objects unloaded after import = 3
========================================================================
Received Import Request.
  Time since last request: 0.000017 seconds.
  path: Assets/Artwork/Level/mainlevbuild_543.asset
  artifactKey: Guid(5278ea77874eeac4fbcf1f0a7926e922) Importer(815301076,1909f56bfc062723c751e8b465ee728b)
Start importing Assets/Artwork/Level/mainlevbuild_543.asset using Guid(5278ea77874eeac4fbcf1f0a7926e922) Importer(815301076,1909f56bfc062723c751e8b465ee728b)  -> (artifact id: 'b5d01893bbdcbde25be582766ea5d651') in 0.011378 seconds
Number of updated asset objects reloaded before import = 0
Number of asset objects unloaded after import = 3
========================================================================
Received Import Request.
  Time since last request: 0.000031 seconds.
  path: Assets/Artwork/Level/mainlevbuild_534.asset
  artifactKey: Guid(42bf05e08b6f920429b3c89a7e83bdc5) Importer(815301076,1909f56bfc062723c751e8b465ee728b)
Start importing Assets/Artwork/Level/mainlevbuild_534.asset using Guid(42bf05e08b6f920429b3c89a7e83bdc5) Importer(815301076,1909f56bfc062723c751e8b465ee728b)  -> (artifact id: '50408207c2148360df8f451d1dacacf2') in 0.010905 seconds
Number of updated asset objects reloaded before import = 0
Number of asset objects unloaded after import = 3
========================================================================
Received Import Request.
  Time since last request: 0.000020 seconds.
  path: Assets/Artwork/Level/mainlevbuild_526.asset
  artifactKey: Guid(166741020a3faae429fbe352665bd87a) Importer(815301076,1909f56bfc062723c751e8b465ee728b)
Start importing Assets/Artwork/Level/mainlevbuild_526.asset using Guid(166741020a3faae429fbe352665bd87a) Importer(815301076,1909f56bfc062723c751e8b465ee728b)  -> (artifact id: '2d4285322c6c678f2ad0019e2e19e0c3') in 0.010382 seconds
Number of updated asset objects reloaded before import = 0
Number of asset objects unloaded after import = 3
========================================================================
Received Import Request.
  Time since last request: 0.000024 seconds.
  path: Assets/Artwork/Level/mainlevbuild_331.asset
  artifactKey: Guid(3d4774277374a8742ab64cd6b91846af) Importer(815301076,1909f56bfc062723c751e8b465ee728b)
Start importing Assets/Artwork/Level/mainlevbuild_331.asset using Guid(3d4774277374a8742ab64cd6b91846af) Importer(815301076,1909f56bfc062723c751e8b465ee728b)  -> (artifact id: '5f9b7bb847529e27784fe97156c5219a') in 0.011064 seconds
Number of updated asset objects reloaded before import = 0
Number of asset objects unloaded after import = 3
========================================================================
Received Import Request.
  Time since last request: 0.000023 seconds.
  path: Assets/Artwork/Level/mainlevbuild_346.asset
  artifactKey: Guid(59d7bb4cb0c059a469647643f590e525) Importer(815301076,1909f56bfc062723c751e8b465ee728b)
Start importing Assets/Artwork/Level/mainlevbuild_346.asset using Guid(59d7bb4cb0c059a469647643f590e525) Importer(815301076,1909f56bfc062723c751e8b465ee728b)  -> (artifact id: '864916abe3d6176adc615b0ff433b9d1') in 0.011764 seconds
Number of updated asset objects reloaded before import = 0
Number of asset objects unloaded after import = 3
========================================================================
Received Import Request.
  Time since last request: 0.000014 seconds.
  path: Assets/Artwork/Level/mainlevbuild_204.asset
  artifactKey: Guid(a76460e571281464d92f02750d509888) Importer(815301076,1909f56bfc062723c751e8b465ee728b)
Start importing Assets/Artwork/Level/mainlevbuild_204.asset using Guid(a76460e571281464d92f02750d509888) Importer(815301076,1909f56bfc062723c751e8b465ee728b)  -> (artifact id: '11ec95f78c38c068215bafe6089bf998') in 0.011497 seconds
Number of updated asset objects reloaded before import = 0
Number of asset objects unloaded after import = 3
========================================================================
Received Import Request.
  Time since last request: 0.000023 seconds.
  path: Assets/Artwork/Level/mainlevbuild_546.asset
  artifactKey: Guid(33372e4125c378042b1d2bdca1be6d95) Importer(815301076,1909f56bfc062723c751e8b465ee728b)
Start importing Assets/Artwork/Level/mainlevbuild_546.asset using Guid(33372e4125c378042b1d2bdca1be6d95) Importer(815301076,1909f56bfc062723c751e8b465ee728b)  -> (artifact id: '326eaacf8281e0852b74ee59d6711465') in 0.011568 seconds
Number of updated asset objects reloaded before import = 0
Number of asset objects unloaded after import = 3
========================================================================
Received Import Request.
  Time since last request: 0.000027 seconds.
  path: Assets/Artwork/Level/mainlevbuild_538.asset
  artifactKey: Guid(632aedc18050d9547996a40cfc989b15) Importer(815301076,1909f56bfc062723c751e8b465ee728b)
Start importing Assets/Artwork/Level/mainlevbuild_538.asset using Guid(632aedc18050d9547996a40cfc989b15) Importer(815301076,1909f56bfc062723c751e8b465ee728b)  -> (artifact id: 'e4da629583b3c880284ea61d7ed1fe4f') in 0.007183 seconds
Number of updated asset objects reloaded before import = 0
Number of asset objects unloaded after import = 3
========================================================================
Received Prepare
Begin MonoManager ReloadAssembly
- Loaded All Assemblies, in  2.709 seconds
Refreshing native plugins compatible for Editor in 17.53 ms, found 4 plugins.
Native extension for WindowsStandalone target not found
Native extension for Android target not found
[Package Manager] Server::EnsureServerProcessIsRunning -- launch failed, reason: Unity was launched with the -noUpm command-line argument
[Package Manager] UpmClient::Send -- Unable to send message (not connected to UPM process).
[Package Manager] Cannot connect to Unity Package Manager local server
Mono: successfully reloaded assembly
- Finished resetting the current domain, in  3.490 seconds
Domain Reload Profiling: 6185ms
	BeginReloadAssembly (975ms)
		ExecutionOrderSort (1ms)
		DisableScriptedObjects (207ms)
		BackupInstance (0ms)
		ReleaseScriptingObjects (3ms)
		CreateAndSetChildDomain (274ms)
	RebuildCommonClasses (45ms)
	RebuildNativeTypeToScriptingClass (13ms)
	initialDomainReloadingComplete (71ms)
	LoadAllAssembliesAndSetupDomain (1591ms)
		LoadAssemblies (1064ms)
		RebuildTransferFunctionScriptingTraits (0ms)
		AnalyzeDomain (648ms)
			TypeCache.Refresh (643ms)
				TypeCache.ScanAssembly (414ms)
			ScanForSourceGeneratedMonoScriptInfo (1ms)
			ResolveRequiredComponents (4ms)
	FinalizeReload (3491ms)
		ReleaseScriptCaches (0ms)
		RebuildScriptCaches (0ms)
		SetupLoadedEditorAssemblies (622ms)
			LogAssemblyErrors (0ms)
			InitializePlatformSupportModulesInManaged (51ms)
			SetLoadedEditorAssemblies (6ms)
			RefreshPlugins (0ms)
			BeforeProcessingInitializeOnLoad (138ms)
			ProcessInitializeOnLoadAttributes (362ms)
			ProcessInitializeOnLoadMethodAttributes (41ms)
			AfterProcessingInitializeOnLoad (24ms)
			EditorAssembliesLoaded (0ms)
		ExecutionOrderSort2 (0ms)
		AwakeInstancesAfterBackupRestoration (27ms)
Refreshing native plugins compatible for Editor in 18.22 ms, found 4 plugins.
Preloading 0 native plugins for Editor in 0.00 ms.
Unloading 4386 Unused Serialized files (Serialized files now loaded: 0)
Unloading 42 unused Assets / (217.1 KB). Loaded Objects now: 4866.
Memory consumption went from 154.5 MB to 154.3 MB.
Total: 7.103400 ms (FindLiveObjects: 0.603000 ms CreateObjectMapping: 0.176600 ms MarkObjects: 5.964500 ms  DeleteObjects: 0.358200 ms)

Prepare: number of updated asset objects reloaded= 0
AssetImportParameters requested are different than current active one (requested -> active):
  custom:container-demuxer-ogg: 62fdf1f143b41e24485cea50d1cbac27 -> 
  custom:video-decoder-ogg-theora: a1e56fd34408186e4bbccfd4996cb3dc -> 
  custom:framework-win-MediaFoundation: 216162199b28c13a410421893ffa2e32 -> 
  custom:container-demuxer-webm: 4f35f7cbe854078d1ac9338744f61a02 -> 
  custom:scripting/monoscript/fileName/PlayerInputController.cs: 010ec0843297c63fe514859b5b2ec549 -> 9dffa01c0adbb613a54447b3537cac38
  custom:container-muxer-webm: aa71ff27fc2769a1b78a27578f13a17b -> 
  custom:video-decoder-webm-vp8: 9c59270c3fd7afecdb556c50c9e8de78 -> 
  custom:AudioImporter_EditorPlatform: d09bf68614088b80899f8185d706f6e7 -> 
  custom:video-encoder-webm-vp8: eb34c28f22e8b96e1ab97ce403110664 -> 
  custom:audio-decoder-ogg-vorbis: bf7c407c2cedff20999df2af8eb42d56 -> 
  custom:audio-encoder-webm-vorbis: bf7c407c2cedff20999df2af8eb42d56 -> 
========================================================================
Received Prepare
Begin MonoManager ReloadAssembly
- Loaded All Assemblies, in  1.027 seconds
Refreshing native plugins compatible for Editor in 14.26 ms, found 4 plugins.
Native extension for WindowsStandalone target not found
Native extension for Android target not found
[Package Manager] Server::EnsureServerProcessIsRunning -- launch failed, reason: Unity was launched with the -noUpm command-line argument
[Package Manager] UpmClient::Send -- Unable to send message (not connected to UPM process).
[Package Manager] Cannot connect to Unity Package Manager local server
Mono: successfully reloaded assembly
- Finished resetting the current domain, in  1.791 seconds
Domain Reload Profiling: 2807ms
	BeginReloadAssembly (192ms)
		ExecutionOrderSort (0ms)
		DisableScriptedObjects (11ms)
		BackupInstance (0ms)
		ReleaseScriptingObjects (0ms)
		CreateAndSetChildDomain (38ms)
	RebuildCommonClasses (30ms)
	RebuildNativeTypeToScriptingClass (10ms)
	initialDomainReloadingComplete (56ms)
	LoadAllAssembliesAndSetupDomain (727ms)
		LoadAssemblies (503ms)
		RebuildTransferFunctionScriptingTraits (0ms)
		AnalyzeDomain (304ms)
			TypeCache.Refresh (298ms)
				TypeCache.ScanAssembly (280ms)
			ScanForSourceGeneratedMonoScriptInfo (0ms)
			ResolveRequiredComponents (6ms)
	FinalizeReload (1792ms)
		ReleaseScriptCaches (0ms)
		RebuildScriptCaches (0ms)
		SetupLoadedEditorAssemblies (570ms)
			LogAssemblyErrors (0ms)
			InitializePlatformSupportModulesInManaged (39ms)
			SetLoadedEditorAssemblies (4ms)
			RefreshPlugins (0ms)
			BeforeProcessingInitializeOnLoad (121ms)
			ProcessInitializeOnLoadAttributes (352ms)
			ProcessInitializeOnLoadMethodAttributes (31ms)
			AfterProcessingInitializeOnLoad (22ms)
			EditorAssembliesLoaded (0ms)
		ExecutionOrderSort2 (0ms)
		AwakeInstancesAfterBackupRestoration (25ms)
Refreshing native plugins compatible for Editor in 10.64 ms, found 4 plugins.
Preloading 0 native plugins for Editor in 0.00 ms.
Unloading 4387 Unused Serialized files (Serialized files now loaded: 0)
Unloading 42 unused Assets / (218.6 KB). Loaded Objects now: 4870.
Memory consumption went from 154.8 MB to 154.6 MB.
Total: 4.952900 ms (FindLiveObjects: 0.391400 ms CreateObjectMapping: 0.115300 ms MarkObjects: 4.250800 ms  DeleteObjects: 0.194100 ms)

Prepare: number of updated asset objects reloaded= 0
AssetImportParameters requested are different than current active one (requested -> active):
  custom:container-demuxer-ogg: 62fdf1f143b41e24485cea50d1cbac27 -> 
  custom:video-decoder-ogg-theora: a1e56fd34408186e4bbccfd4996cb3dc -> 
  custom:framework-win-MediaFoundation: 216162199b28c13a410421893ffa2e32 -> 
  custom:container-demuxer-webm: 4f35f7cbe854078d1ac9338744f61a02 -> 
  custom:scripting/monoscript/fileName/PlayerInputController.cs: 010ec0843297c63fe514859b5b2ec549 -> 9dffa01c0adbb613a54447b3537cac38
  custom:container-muxer-webm: aa71ff27fc2769a1b78a27578f13a17b -> 
  custom:video-decoder-webm-vp8: 9c59270c3fd7afecdb556c50c9e8de78 -> 
  custom:AudioImporter_EditorPlatform: d09bf68614088b80899f8185d706f6e7 -> 
  custom:video-encoder-webm-vp8: eb34c28f22e8b96e1ab97ce403110664 -> 
  custom:audio-decoder-ogg-vorbis: bf7c407c2cedff20999df2af8eb42d56 -> 
  custom:audio-encoder-webm-vorbis: bf7c407c2cedff20999df2af8eb42d56 -> 
========================================================================
Received Prepare
Begin MonoManager ReloadAssembly
- Loaded All Assemblies, in  0.944 seconds
Refreshing native plugins compatible for Editor in 14.32 ms, found 4 plugins.
Native extension for WindowsStandalone target not found
Native extension for Android target not found
[Package Manager] Server::EnsureServerProcessIsRunning -- launch failed, reason: Unity was launched with the -noUpm command-line argument
[Package Manager] UpmClient::Send -- Unable to send message (not connected to UPM process).
[Package Manager] Cannot connect to Unity Package Manager local server
Mono: successfully reloaded assembly
- Finished resetting the current domain, in  1.669 seconds
Domain Reload Profiling: 2602ms
	BeginReloadAssembly (185ms)
		ExecutionOrderSort (0ms)
		DisableScriptedObjects (10ms)
		BackupInstance (0ms)
		ReleaseScriptingObjects (0ms)
		CreateAndSetChildDomain (43ms)
	RebuildCommonClasses (29ms)
	RebuildNativeTypeToScriptingClass (9ms)
	initialDomainReloadingComplete (49ms)
	LoadAllAssembliesAndSetupDomain (660ms)
		LoadAssemblies (454ms)
		RebuildTransferFunctionScriptingTraits (0ms)
		AnalyzeDomain (280ms)
			TypeCache.Refresh (274ms)
				TypeCache.ScanAssembly (256ms)
			ScanForSourceGeneratedMonoScriptInfo (0ms)
			ResolveRequiredComponents (6ms)
	FinalizeReload (1670ms)
		ReleaseScriptCaches (0ms)
		RebuildScriptCaches (0ms)
		SetupLoadedEditorAssemblies (484ms)
			LogAssemblyErrors (0ms)
			InitializePlatformSupportModulesInManaged (41ms)
			SetLoadedEditorAssemblies (4ms)
			RefreshPlugins (0ms)
			BeforeProcessingInitializeOnLoad (118ms)
			ProcessInitializeOnLoadAttributes (278ms)
			ProcessInitializeOnLoadMethodAttributes (26ms)
			AfterProcessingInitializeOnLoad (17ms)
			EditorAssembliesLoaded (0ms)
		ExecutionOrderSort2 (0ms)
		AwakeInstancesAfterBackupRestoration (22ms)
Refreshing native plugins compatible for Editor in 11.99 ms, found 4 plugins.
Preloading 0 native plugins for Editor in 0.00 ms.
Unloading 4387 Unused Serialized files (Serialized files now loaded: 0)
Unloading 42 unused Assets / (217.7 KB). Loaded Objects now: 4874.
Memory consumption went from 154.8 MB to 154.6 MB.
Total: 3.283500 ms (FindLiveObjects: 0.280600 ms CreateObjectMapping: 0.107800 ms MarkObjects: 2.711000 ms  DeleteObjects: 0.183200 ms)

Prepare: number of updated asset objects reloaded= 0
AssetImportParameters requested are different than current active one (requested -> active):
  custom:container-demuxer-ogg: 62fdf1f143b41e24485cea50d1cbac27 -> 
  custom:video-decoder-ogg-theora: a1e56fd34408186e4bbccfd4996cb3dc -> 
  custom:framework-win-MediaFoundation: 216162199b28c13a410421893ffa2e32 -> 
  custom:container-demuxer-webm: 4f35f7cbe854078d1ac9338744f61a02 -> 
  custom:scripting/monoscript/fileName/PlayerInputController.cs: 010ec0843297c63fe514859b5b2ec549 -> 9dffa01c0adbb613a54447b3537cac38
  custom:container-muxer-webm: aa71ff27fc2769a1b78a27578f13a17b -> 
  custom:video-decoder-webm-vp8: 9c59270c3fd7afecdb556c50c9e8de78 -> 
  custom:AudioImporter_EditorPlatform: d09bf68614088b80899f8185d706f6e7 -> 
  custom:video-encoder-webm-vp8: eb34c28f22e8b96e1ab97ce403110664 -> 
  custom:audio-decoder-ogg-vorbis: bf7c407c2cedff20999df2af8eb42d56 -> 
  custom:audio-encoder-webm-vorbis: bf7c407c2cedff20999df2af8eb42d56 -> 
========================================================================
Received Prepare
Begin MonoManager ReloadAssembly
- Loaded All Assemblies, in  0.936 seconds
Refreshing native plugins compatible for Editor in 14.82 ms, found 4 plugins.
Native extension for WindowsStandalone target not found
Native extension for Android target not found
[Package Manager] Server::EnsureServerProcessIsRunning -- launch failed, reason: Unity was launched with the -noUpm command-line argument
[Package Manager] UpmClient::Send -- Unable to send message (not connected to UPM process).
[Package Manager] Cannot connect to Unity Package Manager local server
Mono: successfully reloaded assembly
- Finished resetting the current domain, in  1.744 seconds
Domain Reload Profiling: 2670ms
	BeginReloadAssembly (189ms)
		ExecutionOrderSort (0ms)
		DisableScriptedObjects (10ms)
		BackupInstance (0ms)
		ReleaseScriptingObjects (0ms)
		CreateAndSetChildDomain (38ms)
	RebuildCommonClasses (30ms)
	RebuildNativeTypeToScriptingClass (9ms)
	initialDomainReloadingComplete (50ms)
	LoadAllAssembliesAndSetupDomain (648ms)
		LoadAssemblies (462ms)
		RebuildTransferFunctionScriptingTraits (0ms)
		AnalyzeDomain (269ms)
			TypeCache.Refresh (265ms)
				TypeCache.ScanAssembly (249ms)
			ScanForSourceGeneratedMonoScriptInfo (0ms)
			ResolveRequiredComponents (4ms)
	FinalizeReload (1745ms)
		ReleaseScriptCaches (0ms)
		RebuildScriptCaches (0ms)
		SetupLoadedEditorAssemblies (559ms)
			LogAssemblyErrors (0ms)
			InitializePlatformSupportModulesInManaged (38ms)
			SetLoadedEditorAssemblies (4ms)
			RefreshPlugins (0ms)
			BeforeProcessingInitializeOnLoad (119ms)
			ProcessInitializeOnLoadAttributes (340ms)
			ProcessInitializeOnLoadMethodAttributes (35ms)
			AfterProcessingInitializeOnLoad (23ms)
			EditorAssembliesLoaded (0ms)
		ExecutionOrderSort2 (0ms)
		AwakeInstancesAfterBackupRestoration (25ms)
Refreshing native plugins compatible for Editor in 15.14 ms, found 4 plugins.
Preloading 0 native plugins for Editor in 0.00 ms.
Unloading 4387 Unused Serialized files (Serialized files now loaded: 0)
Unloading 42 unused Assets / (217.6 KB). Loaded Objects now: 4878.
Memory consumption went from 154.8 MB to 154.6 MB.
Total: 5.012400 ms (FindLiveObjects: 0.548300 ms CreateObjectMapping: 0.141900 ms MarkObjects: 4.034200 ms  DeleteObjects: 0.287000 ms)

Prepare: number of updated asset objects reloaded= 0
AssetImportParameters requested are different than current active one (requested -> active):
  custom:container-demuxer-ogg: 62fdf1f143b41e24485cea50d1cbac27 -> 
  custom:video-decoder-ogg-theora: a1e56fd34408186e4bbccfd4996cb3dc -> 
  custom:framework-win-MediaFoundation: 216162199b28c13a410421893ffa2e32 -> 
  custom:container-demuxer-webm: 4f35f7cbe854078d1ac9338744f61a02 -> 
  custom:scripting/monoscript/fileName/PlayerInputController.cs: 010ec0843297c63fe514859b5b2ec549 -> 9dffa01c0adbb613a54447b3537cac38
  custom:container-muxer-webm: aa71ff27fc2769a1b78a27578f13a17b -> 
  custom:video-decoder-webm-vp8: 9c59270c3fd7afecdb556c50c9e8de78 -> 
  custom:AudioImporter_EditorPlatform: d09bf68614088b80899f8185d706f6e7 -> 
  custom:video-encoder-webm-vp8: eb34c28f22e8b96e1ab97ce403110664 -> 
  custom:audio-decoder-ogg-vorbis: bf7c407c2cedff20999df2af8eb42d56 -> 
  custom:audio-encoder-webm-vorbis: bf7c407c2cedff20999df2af8eb42d56 -> 
========================================================================
Received Prepare
Begin MonoManager ReloadAssembly
- Loaded All Assemblies, in  0.972 seconds
Refreshing native plugins compatible for Editor in 14.69 ms, found 4 plugins.
Native extension for WindowsStandalone target not found
Native extension for Android target not found
[Package Manager] Server::EnsureServerProcessIsRunning -- launch failed, reason: Unity was launched with the -noUpm command-line argument
[Package Manager] UpmClient::Send -- Unable to send message (not connected to UPM process).
[Package Manager] Cannot connect to Unity Package Manager local server
Mono: successfully reloaded assembly
- Finished resetting the current domain, in  1.663 seconds
Domain Reload Profiling: 2625ms
	BeginReloadAssembly (189ms)
		ExecutionOrderSort (0ms)
		DisableScriptedObjects (15ms)
		BackupInstance (0ms)
		ReleaseScriptingObjects (0ms)
		CreateAndSetChildDomain (40ms)
	RebuildCommonClasses (33ms)
	RebuildNativeTypeToScriptingClass (9ms)
	initialDomainReloadingComplete (47ms)
	LoadAllAssembliesAndSetupDomain (684ms)
		LoadAssemblies (476ms)
		RebuildTransferFunctionScriptingTraits (0ms)
		AnalyzeDomain (284ms)
			TypeCache.Refresh (280ms)
				TypeCache.ScanAssembly (266ms)
			ScanForSourceGeneratedMonoScriptInfo (0ms)
			ResolveRequiredComponents (4ms)
	FinalizeReload (1664ms)
		ReleaseScriptCaches (0ms)
		RebuildScriptCaches (0ms)
		SetupLoadedEditorAssemblies (525ms)
			LogAssemblyErrors (0ms)
			InitializePlatformSupportModulesInManaged (36ms)
			SetLoadedEditorAssemblies (5ms)
			RefreshPlugins (0ms)
			BeforeProcessingInitializeOnLoad (116ms)
			ProcessInitializeOnLoadAttributes (313ms)
			ProcessInitializeOnLoadMethodAttributes (31ms)
			AfterProcessingInitializeOnLoad (23ms)
			EditorAssembliesLoaded (0ms)
		ExecutionOrderSort2 (0ms)
		AwakeInstancesAfterBackupRestoration (23ms)
Refreshing native plugins compatible for Editor in 13.11 ms, found 4 plugins.
Preloading 0 native plugins for Editor in 0.00 ms.
Unloading 4387 Unused Serialized files (Serialized files now loaded: 0)
Unloading 42 unused Assets / (217.5 KB). Loaded Objects now: 4882.
Memory consumption went from 154.8 MB to 154.6 MB.
Total: 4.536900 ms (FindLiveObjects: 0.526700 ms CreateObjectMapping: 0.171200 ms MarkObjects: 3.570400 ms  DeleteObjects: 0.267700 ms)

Prepare: number of updated asset objects reloaded= 0
AssetImportParameters requested are different than current active one (requested -> active):
  custom:container-demuxer-ogg: 62fdf1f143b41e24485cea50d1cbac27 -> 
  custom:video-decoder-ogg-theora: a1e56fd34408186e4bbccfd4996cb3dc -> 
  custom:framework-win-MediaFoundation: 216162199b28c13a410421893ffa2e32 -> 
  custom:container-demuxer-webm: 4f35f7cbe854078d1ac9338744f61a02 -> 
  custom:scripting/monoscript/fileName/PlayerInputController.cs: 010ec0843297c63fe514859b5b2ec549 -> 9dffa01c0adbb613a54447b3537cac38
  custom:container-muxer-webm: aa71ff27fc2769a1b78a27578f13a17b -> 
  custom:video-decoder-webm-vp8: 9c59270c3fd7afecdb556c50c9e8de78 -> 
  custom:AudioImporter_EditorPlatform: d09bf68614088b80899f8185d706f6e7 -> 
  custom:video-encoder-webm-vp8: eb34c28f22e8b96e1ab97ce403110664 -> 
  custom:audio-decoder-ogg-vorbis: bf7c407c2cedff20999df2af8eb42d56 -> 
  custom:audio-encoder-webm-vorbis: bf7c407c2cedff20999df2af8eb42d56 -> 
========================================================================
Received Prepare
Begin MonoManager ReloadAssembly
- Loaded All Assemblies, in  0.956 seconds
Refreshing native plugins compatible for Editor in 14.64 ms, found 4 plugins.
Native extension for WindowsStandalone target not found
Native extension for Android target not found
[Package Manager] Server::EnsureServerProcessIsRunning -- launch failed, reason: Unity was launched with the -noUpm command-line argument
[Package Manager] UpmClient::Send -- Unable to send message (not connected to UPM process).
[Package Manager] Cannot connect to Unity Package Manager local server
Mono: successfully reloaded assembly
- Finished resetting the current domain, in  1.646 seconds
Domain Reload Profiling: 2592ms
	BeginReloadAssembly (187ms)
		ExecutionOrderSort (0ms)
		DisableScriptedObjects (10ms)
		BackupInstance (0ms)
		ReleaseScriptingObjects (0ms)
		CreateAndSetChildDomain (39ms)
	RebuildCommonClasses (30ms)
	RebuildNativeTypeToScriptingClass (9ms)
	initialDomainReloadingComplete (48ms)
	LoadAllAssembliesAndSetupDomain (671ms)
		LoadAssemblies (461ms)
		RebuildTransferFunctionScriptingTraits (0ms)
		AnalyzeDomain (288ms)
			TypeCache.Refresh (283ms)
				TypeCache.ScanAssembly (269ms)
			ScanForSourceGeneratedMonoScriptInfo (0ms)
			ResolveRequiredComponents (5ms)
	FinalizeReload (1647ms)
		ReleaseScriptCaches (0ms)
		RebuildScriptCaches (0ms)
		SetupLoadedEditorAssemblies (529ms)
			LogAssemblyErrors (0ms)
			InitializePlatformSupportModulesInManaged (36ms)
			SetLoadedEditorAssemblies (4ms)
			RefreshPlugins (0ms)
			BeforeProcessingInitializeOnLoad (112ms)
			ProcessInitializeOnLoadAttributes (323ms)
			ProcessInitializeOnLoadMethodAttributes (33ms)
			AfterProcessingInitializeOnLoad (22ms)
			EditorAssembliesLoaded (0ms)
		ExecutionOrderSort2 (0ms)
		AwakeInstancesAfterBackupRestoration (22ms)
Refreshing native plugins compatible for Editor in 13.01 ms, found 4 plugins.
Preloading 0 native plugins for Editor in 0.00 ms.
Unloading 4387 Unused Serialized files (Serialized files now loaded: 0)
Unloading 42 unused Assets / (217.6 KB). Loaded Objects now: 4886.
Memory consumption went from 154.8 MB to 154.6 MB.
Total: 4.468500 ms (FindLiveObjects: 0.498900 ms CreateObjectMapping: 0.129900 ms MarkObjects: 3.556400 ms  DeleteObjects: 0.281900 ms)

Prepare: number of updated asset objects reloaded= 0
AssetImportParameters requested are different than current active one (requested -> active):
  custom:container-demuxer-ogg: 62fdf1f143b41e24485cea50d1cbac27 -> 
  custom:video-decoder-ogg-theora: a1e56fd34408186e4bbccfd4996cb3dc -> 
  custom:framework-win-MediaFoundation: 216162199b28c13a410421893ffa2e32 -> 
  custom:container-demuxer-webm: 4f35f7cbe854078d1ac9338744f61a02 -> 
  custom:scripting/monoscript/fileName/PlayerInputController.cs: 010ec0843297c63fe514859b5b2ec549 -> 9dffa01c0adbb613a54447b3537cac38
  custom:container-muxer-webm: aa71ff27fc2769a1b78a27578f13a17b -> 
  custom:video-decoder-webm-vp8: 9c59270c3fd7afecdb556c50c9e8de78 -> 
  custom:AudioImporter_EditorPlatform: d09bf68614088b80899f8185d706f6e7 -> 
  custom:video-encoder-webm-vp8: eb34c28f22e8b96e1ab97ce403110664 -> 
  custom:audio-decoder-ogg-vorbis: bf7c407c2cedff20999df2af8eb42d56 -> 
  custom:audio-encoder-webm-vorbis: bf7c407c2cedff20999df2af8eb42d56 -> 
========================================================================
Received Prepare
Begin MonoManager ReloadAssembly
- Loaded All Assemblies, in  0.965 seconds
Refreshing native plugins compatible for Editor in 12.79 ms, found 4 plugins.
Native extension for WindowsStandalone target not found
Native extension for Android target not found
[Package Manager] Server::EnsureServerProcessIsRunning -- launch failed, reason: Unity was launched with the -noUpm command-line argument
[Package Manager] UpmClient::Send -- Unable to send message (not connected to UPM process).
[Package Manager] Cannot connect to Unity Package Manager local server
Mono: successfully reloaded assembly
- Finished resetting the current domain, in  1.669 seconds
Domain Reload Profiling: 2623ms
	BeginReloadAssembly (188ms)
		ExecutionOrderSort (0ms)
		DisableScriptedObjects (10ms)
		BackupInstance (0ms)
		ReleaseScriptingObjects (0ms)
		CreateAndSetChildDomain (40ms)
	RebuildCommonClasses (29ms)
	RebuildNativeTypeToScriptingClass (9ms)
	initialDomainReloadingComplete (47ms)
	LoadAllAssembliesAndSetupDomain (680ms)
		LoadAssemblies (462ms)
		RebuildTransferFunctionScriptingTraits (0ms)
		AnalyzeDomain (297ms)
			TypeCache.Refresh (292ms)
				TypeCache.ScanAssembly (275ms)
			ScanForSourceGeneratedMonoScriptInfo (0ms)
			ResolveRequiredComponents (5ms)
	FinalizeReload (1669ms)
		ReleaseScriptCaches (0ms)
		RebuildScriptCaches (0ms)
		SetupLoadedEditorAssemblies (527ms)
			LogAssemblyErrors (0ms)
			InitializePlatformSupportModulesInManaged (37ms)
			SetLoadedEditorAssemblies (3ms)
			RefreshPlugins (0ms)
			BeforeProcessingInitializeOnLoad (113ms)
			ProcessInitializeOnLoadAttributes (321ms)
			ProcessInitializeOnLoadMethodAttributes (31ms)
			AfterProcessingInitializeOnLoad (22ms)
			EditorAssembliesLoaded (0ms)
		ExecutionOrderSort2 (0ms)
		AwakeInstancesAfterBackupRestoration (21ms)
Refreshing native plugins compatible for Editor in 13.31 ms, found 4 plugins.
Preloading 0 native plugins for Editor in 0.00 ms.
Unloading 4387 Unused Serialized files (Serialized files now loaded: 0)
Unloading 42 unused Assets / (217.6 KB). Loaded Objects now: 4890.
Memory consumption went from 154.8 MB to 154.6 MB.
Total: 4.890600 ms (FindLiveObjects: 0.651000 ms CreateObjectMapping: 0.248800 ms MarkObjects: 3.771700 ms  DeleteObjects: 0.217400 ms)

Prepare: number of updated asset objects reloaded= 0
AssetImportParameters requested are different than current active one (requested -> active):
  custom:container-demuxer-ogg: 62fdf1f143b41e24485cea50d1cbac27 -> 
  custom:video-decoder-ogg-theora: a1e56fd34408186e4bbccfd4996cb3dc -> 
  custom:framework-win-MediaFoundation: 216162199b28c13a410421893ffa2e32 -> 
  custom:container-demuxer-webm: 4f35f7cbe854078d1ac9338744f61a02 -> 
  custom:scripting/monoscript/fileName/PlayerInputController.cs: 010ec0843297c63fe514859b5b2ec549 -> 9dffa01c0adbb613a54447b3537cac38
  custom:container-muxer-webm: aa71ff27fc2769a1b78a27578f13a17b -> 
  custom:video-decoder-webm-vp8: 9c59270c3fd7afecdb556c50c9e8de78 -> 
  custom:AudioImporter_EditorPlatform: d09bf68614088b80899f8185d706f6e7 -> 
  custom:video-encoder-webm-vp8: eb34c28f22e8b96e1ab97ce403110664 -> 
  custom:audio-decoder-ogg-vorbis: bf7c407c2cedff20999df2af8eb42d56 -> 
  custom:audio-encoder-webm-vorbis: bf7c407c2cedff20999df2af8eb42d56 -> 
========================================================================
Received Prepare
Begin MonoManager ReloadAssembly
- Loaded All Assemblies, in  2.168 seconds
Refreshing native plugins compatible for Editor in 15.67 ms, found 4 plugins.
Native extension for WindowsStandalone target not found
Native extension for Android target not found
[Package Manager] Server::EnsureServerProcessIsRunning -- launch failed, reason: Unity was launched with the -noUpm command-line argument
[Package Manager] UpmClient::Send -- Unable to send message (not connected to UPM process).
[Package Manager] Cannot connect to Unity Package Manager local server
Mono: successfully reloaded assembly
- Finished resetting the current domain, in  2.817 seconds
Domain Reload Profiling: 4973ms
	BeginReloadAssembly (585ms)
		ExecutionOrderSort (1ms)
		DisableScriptedObjects (52ms)
		BackupInstance (0ms)
		ReleaseScriptingObjects (1ms)
		CreateAndSetChildDomain (263ms)
	RebuildCommonClasses (49ms)
	RebuildNativeTypeToScriptingClass (12ms)
	initialDomainReloadingComplete (71ms)
	LoadAllAssembliesAndSetupDomain (1438ms)
		LoadAssemblies (1085ms)
		RebuildTransferFunctionScriptingTraits (0ms)
		AnalyzeDomain (501ms)
			TypeCache.Refresh (496ms)
				TypeCache.ScanAssembly (371ms)
			ScanForSourceGeneratedMonoScriptInfo (1ms)
			ResolveRequiredComponents (5ms)
	FinalizeReload (2817ms)
		ReleaseScriptCaches (0ms)
		RebuildScriptCaches (0ms)
		SetupLoadedEditorAssemblies (651ms)
			LogAssemblyErrors (0ms)
			InitializePlatformSupportModulesInManaged (46ms)
			SetLoadedEditorAssemblies (7ms)
			RefreshPlugins (0ms)
			BeforeProcessingInitializeOnLoad (144ms)
			ProcessInitializeOnLoadAttributes (388ms)
			ProcessInitializeOnLoadMethodAttributes (41ms)
			AfterProcessingInitializeOnLoad (24ms)
			EditorAssembliesLoaded (0ms)
		ExecutionOrderSort2 (0ms)
		AwakeInstancesAfterBackupRestoration (26ms)
Refreshing native plugins compatible for Editor in 15.91 ms, found 4 plugins.
Preloading 0 native plugins for Editor in 0.00 ms.
Unloading 4387 Unused Serialized files (Serialized files now loaded: 0)
Unloading 42 unused Assets / (217.5 KB). Loaded Objects now: 4894.
Memory consumption went from 154.8 MB to 154.6 MB.
Total: 6.735100 ms (FindLiveObjects: 0.798100 ms CreateObjectMapping: 0.277300 ms MarkObjects: 5.270400 ms  DeleteObjects: 0.388000 ms)

Prepare: number of updated asset objects reloaded= 0
AssetImportParameters requested are different than current active one (requested -> active):
  custom:container-demuxer-ogg: 62fdf1f143b41e24485cea50d1cbac27 -> 
  custom:video-decoder-ogg-theora: a1e56fd34408186e4bbccfd4996cb3dc -> 
  custom:framework-win-MediaFoundation: 216162199b28c13a410421893ffa2e32 -> 
  custom:container-demuxer-webm: 4f35f7cbe854078d1ac9338744f61a02 -> 
  custom:scripting/monoscript/fileName/PlayerInputController.cs: 010ec0843297c63fe514859b5b2ec549 -> 9dffa01c0adbb613a54447b3537cac38
  custom:container-muxer-webm: aa71ff27fc2769a1b78a27578f13a17b -> 
  custom:video-decoder-webm-vp8: 9c59270c3fd7afecdb556c50c9e8de78 -> 
  custom:AudioImporter_EditorPlatform: d09bf68614088b80899f8185d706f6e7 -> 
  custom:video-encoder-webm-vp8: eb34c28f22e8b96e1ab97ce403110664 -> 
  custom:audio-decoder-ogg-vorbis: bf7c407c2cedff20999df2af8eb42d56 -> 
  custom:audio-encoder-webm-vorbis: bf7c407c2cedff20999df2af8eb42d56 -> 
